2025-07-14 20:14:18,804 - INFO - HTTP Request: GET https://716df701-f4b5-4b66-ac26-c54a0b880e19.eu-central-1-0.aws.cloud.qdrant.io:6333 "HTTP/1.1 200 OK"
2025-07-14 20:14:18,808 - INFO - Load pretrained SentenceTransformer: all-MiniLM-L6-v2
2025-07-14 20:14:23,301 - INFO - Use pytorch device_name: cpu
2025-07-14 20:14:23,317 - INFO - Generating roadmap for react - all
2025-07-14 20:14:23,317 - INFO - Collecting nodes for category: beginner
2025-07-14 20:14:24,293 - INFO - HTTP Request: POST https://716df701-f4b5-4b66-ac26-c54a0b880e19.eu-central-1-0.aws.cloud.qdrant.io:6333/collections/reactmap_nodes/points/scroll "HTTP/1.1 200 OK"
2025-07-14 20:14:24,594 - INFO - HTTP Request: POST https://716df701-f4b5-4b66-ac26-c54a0b880e19.eu-central-1-0.aws.cloud.qdrant.io:6333/collections/reactmap_nodes/points "HTTP/1.1 200 OK"
2025-07-14 20:14:24,893 - INFO - HTTP Request: POST https://716df701-f4b5-4b66-ac26-c54a0b880e19.eu-central-1-0.aws.cloud.qdrant.io:6333/collections/reactmap_nodes/points/scroll "HTTP/1.1 200 OK"
2025-07-14 20:14:25,190 - INFO - HTTP Request: POST https://716df701-f4b5-4b66-ac26-c54a0b880e19.eu-central-1-0.aws.cloud.qdrant.io:6333/collections/reactmap_nodes/points "HTTP/1.1 200 OK"
2025-07-14 20:14:25,487 - INFO - HTTP Request: POST https://716df701-f4b5-4b66-ac26-c54a0b880e19.eu-central-1-0.aws.cloud.qdrant.io:6333/collections/reactmap_nodes/points/scroll "HTTP/1.1 200 OK"
2025-07-14 20:14:25,784 - INFO - HTTP Request: POST https://716df701-f4b5-4b66-ac26-c54a0b880e19.eu-central-1-0.aws.cloud.qdrant.io:6333/collections/reactmap_nodes/points "HTTP/1.1 200 OK"
2025-07-14 20:14:26,082 - INFO - HTTP Request: POST https://716df701-f4b5-4b66-ac26-c54a0b880e19.eu-central-1-0.aws.cloud.qdrant.io:6333/collections/reactmap_nodes/points/scroll "HTTP/1.1 200 OK"
2025-07-14 20:14:26,378 - INFO - HTTP Request: POST https://716df701-f4b5-4b66-ac26-c54a0b880e19.eu-central-1-0.aws.cloud.qdrant.io:6333/collections/reactmap_nodes/points "HTTP/1.1 200 OK"
2025-07-14 20:14:26,676 - INFO - HTTP Request: POST https://716df701-f4b5-4b66-ac26-c54a0b880e19.eu-central-1-0.aws.cloud.qdrant.io:6333/collections/reactmap_nodes/points/scroll "HTTP/1.1 200 OK"
2025-07-14 20:14:26,976 - INFO - HTTP Request: POST https://716df701-f4b5-4b66-ac26-c54a0b880e19.eu-central-1-0.aws.cloud.qdrant.io:6333/collections/reactmap_nodes/points "HTTP/1.1 200 OK"
2025-07-14 20:14:27,297 - INFO - HTTP Request: POST https://716df701-f4b5-4b66-ac26-c54a0b880e19.eu-central-1-0.aws.cloud.qdrant.io:6333/collections/reactmap_nodes/points/scroll "HTTP/1.1 200 OK"
2025-07-14 20:14:27,609 - INFO - HTTP Request: POST https://716df701-f4b5-4b66-ac26-c54a0b880e19.eu-central-1-0.aws.cloud.qdrant.io:6333/collections/reactmap_nodes/points "HTTP/1.1 200 OK"
2025-07-14 20:14:27,906 - INFO - HTTP Request: POST https://716df701-f4b5-4b66-ac26-c54a0b880e19.eu-central-1-0.aws.cloud.qdrant.io:6333/collections/reactmap_nodes/points/scroll "HTTP/1.1 200 OK"
2025-07-14 20:14:28,203 - INFO - HTTP Request: POST https://716df701-f4b5-4b66-ac26-c54a0b880e19.eu-central-1-0.aws.cloud.qdrant.io:6333/collections/reactmap_nodes/points "HTTP/1.1 200 OK"
2025-07-14 20:14:28,502 - INFO - HTTP Request: POST https://716df701-f4b5-4b66-ac26-c54a0b880e19.eu-central-1-0.aws.cloud.qdrant.io:6333/collections/reactmap_nodes/points/scroll "HTTP/1.1 200 OK"
2025-07-14 20:14:28,810 - INFO - HTTP Request: POST https://716df701-f4b5-4b66-ac26-c54a0b880e19.eu-central-1-0.aws.cloud.qdrant.io:6333/collections/reactmap_nodes/points "HTTP/1.1 200 OK"
2025-07-14 20:14:29,114 - INFO - HTTP Request: POST https://716df701-f4b5-4b66-ac26-c54a0b880e19.eu-central-1-0.aws.cloud.qdrant.io:6333/collections/reactmap_nodes/points/scroll "HTTP/1.1 200 OK"
2025-07-14 20:14:29,416 - INFO - HTTP Request: POST https://716df701-f4b5-4b66-ac26-c54a0b880e19.eu-central-1-0.aws.cloud.qdrant.io:6333/collections/reactmap_nodes/points "HTTP/1.1 200 OK"
2025-07-14 20:14:29,722 - INFO - HTTP Request: POST https://716df701-f4b5-4b66-ac26-c54a0b880e19.eu-central-1-0.aws.cloud.qdrant.io:6333/collections/reactmap_nodes/points/scroll "HTTP/1.1 200 OK"
2025-07-14 20:14:30,030 - INFO - HTTP Request: POST https://716df701-f4b5-4b66-ac26-c54a0b880e19.eu-central-1-0.aws.cloud.qdrant.io:6333/collections/reactmap_nodes/points "HTTP/1.1 200 OK"
2025-07-14 20:14:30,351 - INFO - HTTP Request: POST https://716df701-f4b5-4b66-ac26-c54a0b880e19.eu-central-1-0.aws.cloud.qdrant.io:6333/collections/reactmap_nodes/points/scroll "HTTP/1.1 200 OK"
2025-07-14 20:14:30,647 - INFO - HTTP Request: POST https://716df701-f4b5-4b66-ac26-c54a0b880e19.eu-central-1-0.aws.cloud.qdrant.io:6333/collections/reactmap_nodes/points "HTTP/1.1 200 OK"
2025-07-14 20:14:30,942 - INFO - HTTP Request: POST https://716df701-f4b5-4b66-ac26-c54a0b880e19.eu-central-1-0.aws.cloud.qdrant.io:6333/collections/reactmap_nodes/points/scroll "HTTP/1.1 200 OK"
2025-07-14 20:14:31,239 - INFO - HTTP Request: POST https://716df701-f4b5-4b66-ac26-c54a0b880e19.eu-central-1-0.aws.cloud.qdrant.io:6333/collections/reactmap_nodes/points "HTTP/1.1 200 OK"
2025-07-14 20:14:31,536 - INFO - HTTP Request: POST https://716df701-f4b5-4b66-ac26-c54a0b880e19.eu-central-1-0.aws.cloud.qdrant.io:6333/collections/reactmap_nodes/points/scroll "HTTP/1.1 200 OK"
2025-07-14 20:14:31,835 - INFO - HTTP Request: POST https://716df701-f4b5-4b66-ac26-c54a0b880e19.eu-central-1-0.aws.cloud.qdrant.io:6333/collections/reactmap_nodes/points "HTTP/1.1 200 OK"
2025-07-14 20:14:32,158 - INFO - HTTP Request: POST https://716df701-f4b5-4b66-ac26-c54a0b880e19.eu-central-1-0.aws.cloud.qdrant.io:6333/collections/reactmap_nodes/points/scroll "HTTP/1.1 200 OK"
2025-07-14 20:14:32,453 - INFO - HTTP Request: POST https://716df701-f4b5-4b66-ac26-c54a0b880e19.eu-central-1-0.aws.cloud.qdrant.io:6333/collections/reactmap_nodes/points "HTTP/1.1 200 OK"
2025-07-14 20:14:32,750 - INFO - HTTP Request: POST https://716df701-f4b5-4b66-ac26-c54a0b880e19.eu-central-1-0.aws.cloud.qdrant.io:6333/collections/reactmap_nodes/points/scroll "HTTP/1.1 200 OK"
2025-07-14 20:14:33,049 - INFO - HTTP Request: POST https://716df701-f4b5-4b66-ac26-c54a0b880e19.eu-central-1-0.aws.cloud.qdrant.io:6333/collections/reactmap_nodes/points "HTTP/1.1 200 OK"
2025-07-14 20:14:33,346 - INFO - HTTP Request: POST https://716df701-f4b5-4b66-ac26-c54a0b880e19.eu-central-1-0.aws.cloud.qdrant.io:6333/collections/reactmap_nodes/points/scroll "HTTP/1.1 200 OK"
2025-07-14 20:14:33,645 - INFO - HTTP Request: POST https://716df701-f4b5-4b66-ac26-c54a0b880e19.eu-central-1-0.aws.cloud.qdrant.io:6333/collections/reactmap_nodes/points "HTTP/1.1 200 OK"
2025-07-14 20:14:33,948 - INFO - HTTP Request: POST https://716df701-f4b5-4b66-ac26-c54a0b880e19.eu-central-1-0.aws.cloud.qdrant.io:6333/collections/reactmap_nodes/points/scroll "HTTP/1.1 200 OK"
2025-07-14 20:14:34,247 - INFO - HTTP Request: POST https://716df701-f4b5-4b66-ac26-c54a0b880e19.eu-central-1-0.aws.cloud.qdrant.io:6333/collections/reactmap_nodes/points "HTTP/1.1 200 OK"
2025-07-14 20:14:34,557 - INFO - HTTP Request: POST https://716df701-f4b5-4b66-ac26-c54a0b880e19.eu-central-1-0.aws.cloud.qdrant.io:6333/collections/reactmap_nodes/points/scroll "HTTP/1.1 200 OK"
2025-07-14 20:14:34,900 - INFO - HTTP Request: POST https://716df701-f4b5-4b66-ac26-c54a0b880e19.eu-central-1-0.aws.cloud.qdrant.io:6333/collections/reactmap_nodes/points "HTTP/1.1 200 OK"
2025-07-14 20:14:35,225 - INFO - HTTP Request: POST https://716df701-f4b5-4b66-ac26-c54a0b880e19.eu-central-1-0.aws.cloud.qdrant.io:6333/collections/reactmap_nodes/points/scroll "HTTP/1.1 200 OK"
2025-07-14 20:14:35,527 - INFO - HTTP Request: POST https://716df701-f4b5-4b66-ac26-c54a0b880e19.eu-central-1-0.aws.cloud.qdrant.io:6333/collections/reactmap_nodes/points "HTTP/1.1 200 OK"
2025-07-14 20:14:35,824 - INFO - HTTP Request: POST https://716df701-f4b5-4b66-ac26-c54a0b880e19.eu-central-1-0.aws.cloud.qdrant.io:6333/collections/reactmap_nodes/points/scroll "HTTP/1.1 200 OK"
2025-07-14 20:14:36,120 - INFO - HTTP Request: POST https://716df701-f4b5-4b66-ac26-c54a0b880e19.eu-central-1-0.aws.cloud.qdrant.io:6333/collections/reactmap_nodes/points "HTTP/1.1 200 OK"
2025-07-14 20:14:36,416 - INFO - HTTP Request: POST https://716df701-f4b5-4b66-ac26-c54a0b880e19.eu-central-1-0.aws.cloud.qdrant.io:6333/collections/reactmap_nodes/points/scroll "HTTP/1.1 200 OK"
2025-07-14 20:14:36,416 - INFO - Added beginner subtree: 초급 (Beginner)
2025-07-14 20:14:36,416 - INFO - Collecting nodes for category: intermediate
2025-07-14 20:14:36,720 - INFO - HTTP Request: POST https://716df701-f4b5-4b66-ac26-c54a0b880e19.eu-central-1-0.aws.cloud.qdrant.io:6333/collections/reactmap_nodes/points/scroll "HTTP/1.1 200 OK"
2025-07-14 20:14:37,036 - INFO - HTTP Request: POST https://716df701-f4b5-4b66-ac26-c54a0b880e19.eu-central-1-0.aws.cloud.qdrant.io:6333/collections/reactmap_nodes/points "HTTP/1.1 200 OK"
2025-07-14 20:14:37,371 - INFO - HTTP Request: POST https://716df701-f4b5-4b66-ac26-c54a0b880e19.eu-central-1-0.aws.cloud.qdrant.io:6333/collections/reactmap_nodes/points/scroll "HTTP/1.1 200 OK"
2025-07-14 20:14:37,668 - INFO - HTTP Request: POST https://716df701-f4b5-4b66-ac26-c54a0b880e19.eu-central-1-0.aws.cloud.qdrant.io:6333/collections/reactmap_nodes/points "HTTP/1.1 200 OK"
2025-07-14 20:14:37,968 - INFO - HTTP Request: POST https://716df701-f4b5-4b66-ac26-c54a0b880e19.eu-central-1-0.aws.cloud.qdrant.io:6333/collections/reactmap_nodes/points/scroll "HTTP/1.1 200 OK"
2025-07-14 20:14:38,274 - INFO - HTTP Request: POST https://716df701-f4b5-4b66-ac26-c54a0b880e19.eu-central-1-0.aws.cloud.qdrant.io:6333/collections/reactmap_nodes/points "HTTP/1.1 200 OK"
2025-07-14 20:14:38,578 - INFO - HTTP Request: POST https://716df701-f4b5-4b66-ac26-c54a0b880e19.eu-central-1-0.aws.cloud.qdrant.io:6333/collections/reactmap_nodes/points/scroll "HTTP/1.1 200 OK"
2025-07-14 20:14:38,913 - INFO - HTTP Request: POST https://716df701-f4b5-4b66-ac26-c54a0b880e19.eu-central-1-0.aws.cloud.qdrant.io:6333/collections/reactmap_nodes/points "HTTP/1.1 200 OK"
2025-07-14 20:14:39,234 - INFO - HTTP Request: POST https://716df701-f4b5-4b66-ac26-c54a0b880e19.eu-central-1-0.aws.cloud.qdrant.io:6333/collections/reactmap_nodes/points/scroll "HTTP/1.1 200 OK"
2025-07-14 20:14:39,531 - INFO - HTTP Request: POST https://716df701-f4b5-4b66-ac26-c54a0b880e19.eu-central-1-0.aws.cloud.qdrant.io:6333/collections/reactmap_nodes/points "HTTP/1.1 200 OK"
2025-07-14 20:14:39,836 - INFO - HTTP Request: POST https://716df701-f4b5-4b66-ac26-c54a0b880e19.eu-central-1-0.aws.cloud.qdrant.io:6333/collections/reactmap_nodes/points/scroll "HTTP/1.1 200 OK"
2025-07-14 20:14:40,134 - INFO - HTTP Request: POST https://716df701-f4b5-4b66-ac26-c54a0b880e19.eu-central-1-0.aws.cloud.qdrant.io:6333/collections/reactmap_nodes/points "HTTP/1.1 200 OK"
2025-07-14 20:14:40,432 - INFO - HTTP Request: POST https://716df701-f4b5-4b66-ac26-c54a0b880e19.eu-central-1-0.aws.cloud.qdrant.io:6333/collections/reactmap_nodes/points/scroll "HTTP/1.1 200 OK"
2025-07-14 20:14:40,728 - INFO - HTTP Request: POST https://716df701-f4b5-4b66-ac26-c54a0b880e19.eu-central-1-0.aws.cloud.qdrant.io:6333/collections/reactmap_nodes/points "HTTP/1.1 200 OK"
2025-07-14 20:14:41,041 - INFO - HTTP Request: POST https://716df701-f4b5-4b66-ac26-c54a0b880e19.eu-central-1-0.aws.cloud.qdrant.io:6333/collections/reactmap_nodes/points/scroll "HTTP/1.1 200 OK"
2025-07-14 20:14:41,344 - INFO - HTTP Request: POST https://716df701-f4b5-4b66-ac26-c54a0b880e19.eu-central-1-0.aws.cloud.qdrant.io:6333/collections/reactmap_nodes/points "HTTP/1.1 200 OK"
2025-07-14 20:14:41,646 - INFO - HTTP Request: POST https://716df701-f4b5-4b66-ac26-c54a0b880e19.eu-central-1-0.aws.cloud.qdrant.io:6333/collections/reactmap_nodes/points/scroll "HTTP/1.1 200 OK"
2025-07-14 20:14:41,946 - INFO - HTTP Request: POST https://716df701-f4b5-4b66-ac26-c54a0b880e19.eu-central-1-0.aws.cloud.qdrant.io:6333/collections/reactmap_nodes/points "HTTP/1.1 200 OK"
2025-07-14 20:14:42,277 - INFO - HTTP Request: POST https://716df701-f4b5-4b66-ac26-c54a0b880e19.eu-central-1-0.aws.cloud.qdrant.io:6333/collections/reactmap_nodes/points/scroll "HTTP/1.1 200 OK"
2025-07-14 20:14:42,580 - INFO - HTTP Request: POST https://716df701-f4b5-4b66-ac26-c54a0b880e19.eu-central-1-0.aws.cloud.qdrant.io:6333/collections/reactmap_nodes/points "HTTP/1.1 200 OK"
2025-07-14 20:14:42,874 - INFO - HTTP Request: POST https://716df701-f4b5-4b66-ac26-c54a0b880e19.eu-central-1-0.aws.cloud.qdrant.io:6333/collections/reactmap_nodes/points/scroll "HTTP/1.1 200 OK"
2025-07-14 20:14:43,169 - INFO - HTTP Request: POST https://716df701-f4b5-4b66-ac26-c54a0b880e19.eu-central-1-0.aws.cloud.qdrant.io:6333/collections/reactmap_nodes/points "HTTP/1.1 200 OK"
2025-07-14 20:14:43,464 - INFO - HTTP Request: POST https://716df701-f4b5-4b66-ac26-c54a0b880e19.eu-central-1-0.aws.cloud.qdrant.io:6333/collections/reactmap_nodes/points/scroll "HTTP/1.1 200 OK"
2025-07-14 20:14:43,758 - INFO - HTTP Request: POST https://716df701-f4b5-4b66-ac26-c54a0b880e19.eu-central-1-0.aws.cloud.qdrant.io:6333/collections/reactmap_nodes/points "HTTP/1.1 200 OK"
2025-07-14 20:14:44,053 - INFO - HTTP Request: POST https://716df701-f4b5-4b66-ac26-c54a0b880e19.eu-central-1-0.aws.cloud.qdrant.io:6333/collections/reactmap_nodes/points/scroll "HTTP/1.1 200 OK"
2025-07-14 20:14:44,348 - INFO - HTTP Request: POST https://716df701-f4b5-4b66-ac26-c54a0b880e19.eu-central-1-0.aws.cloud.qdrant.io:6333/collections/reactmap_nodes/points "HTTP/1.1 200 OK"
2025-07-14 20:14:44,644 - INFO - HTTP Request: POST https://716df701-f4b5-4b66-ac26-c54a0b880e19.eu-central-1-0.aws.cloud.qdrant.io:6333/collections/reactmap_nodes/points/scroll "HTTP/1.1 200 OK"
2025-07-14 20:14:44,938 - INFO - HTTP Request: POST https://716df701-f4b5-4b66-ac26-c54a0b880e19.eu-central-1-0.aws.cloud.qdrant.io:6333/collections/reactmap_nodes/points "HTTP/1.1 200 OK"
2025-07-14 20:14:45,232 - INFO - HTTP Request: POST https://716df701-f4b5-4b66-ac26-c54a0b880e19.eu-central-1-0.aws.cloud.qdrant.io:6333/collections/reactmap_nodes/points/scroll "HTTP/1.1 200 OK"
2025-07-14 20:14:45,527 - INFO - HTTP Request: POST https://716df701-f4b5-4b66-ac26-c54a0b880e19.eu-central-1-0.aws.cloud.qdrant.io:6333/collections/reactmap_nodes/points "HTTP/1.1 200 OK"
2025-07-14 20:14:45,821 - INFO - HTTP Request: POST https://716df701-f4b5-4b66-ac26-c54a0b880e19.eu-central-1-0.aws.cloud.qdrant.io:6333/collections/reactmap_nodes/points/scroll "HTTP/1.1 200 OK"
2025-07-14 20:14:46,116 - INFO - HTTP Request: POST https://716df701-f4b5-4b66-ac26-c54a0b880e19.eu-central-1-0.aws.cloud.qdrant.io:6333/collections/reactmap_nodes/points "HTTP/1.1 200 OK"
2025-07-14 20:14:46,412 - INFO - HTTP Request: POST https://716df701-f4b5-4b66-ac26-c54a0b880e19.eu-central-1-0.aws.cloud.qdrant.io:6333/collections/reactmap_nodes/points/scroll "HTTP/1.1 200 OK"
2025-07-14 20:14:46,706 - INFO - HTTP Request: POST https://716df701-f4b5-4b66-ac26-c54a0b880e19.eu-central-1-0.aws.cloud.qdrant.io:6333/collections/reactmap_nodes/points "HTTP/1.1 200 OK"
2025-07-14 20:14:47,002 - INFO - HTTP Request: POST https://716df701-f4b5-4b66-ac26-c54a0b880e19.eu-central-1-0.aws.cloud.qdrant.io:6333/collections/reactmap_nodes/points/scroll "HTTP/1.1 200 OK"
2025-07-14 20:14:47,297 - INFO - HTTP Request: POST https://716df701-f4b5-4b66-ac26-c54a0b880e19.eu-central-1-0.aws.cloud.qdrant.io:6333/collections/reactmap_nodes/points "HTTP/1.1 200 OK"
2025-07-14 20:14:47,592 - INFO - HTTP Request: POST https://716df701-f4b5-4b66-ac26-c54a0b880e19.eu-central-1-0.aws.cloud.qdrant.io:6333/collections/reactmap_nodes/points/scroll "HTTP/1.1 200 OK"
2025-07-14 20:14:47,887 - INFO - HTTP Request: POST https://716df701-f4b5-4b66-ac26-c54a0b880e19.eu-central-1-0.aws.cloud.qdrant.io:6333/collections/reactmap_nodes/points "HTTP/1.1 200 OK"
2025-07-14 20:14:48,183 - INFO - HTTP Request: POST https://716df701-f4b5-4b66-ac26-c54a0b880e19.eu-central-1-0.aws.cloud.qdrant.io:6333/collections/reactmap_nodes/points/scroll "HTTP/1.1 200 OK"
2025-07-14 20:14:48,478 - INFO - HTTP Request: POST https://716df701-f4b5-4b66-ac26-c54a0b880e19.eu-central-1-0.aws.cloud.qdrant.io:6333/collections/reactmap_nodes/points "HTTP/1.1 200 OK"
2025-07-14 20:14:48,774 - INFO - HTTP Request: POST https://716df701-f4b5-4b66-ac26-c54a0b880e19.eu-central-1-0.aws.cloud.qdrant.io:6333/collections/reactmap_nodes/points/scroll "HTTP/1.1 200 OK"
2025-07-14 20:14:49,069 - INFO - HTTP Request: POST https://716df701-f4b5-4b66-ac26-c54a0b880e19.eu-central-1-0.aws.cloud.qdrant.io:6333/collections/reactmap_nodes/points "HTTP/1.1 200 OK"
2025-07-14 20:14:49,364 - INFO - HTTP Request: POST https://716df701-f4b5-4b66-ac26-c54a0b880e19.eu-central-1-0.aws.cloud.qdrant.io:6333/collections/reactmap_nodes/points/scroll "HTTP/1.1 200 OK"
2025-07-14 20:14:49,659 - INFO - HTTP Request: POST https://716df701-f4b5-4b66-ac26-c54a0b880e19.eu-central-1-0.aws.cloud.qdrant.io:6333/collections/reactmap_nodes/points "HTTP/1.1 200 OK"
2025-07-14 20:14:49,955 - INFO - HTTP Request: POST https://716df701-f4b5-4b66-ac26-c54a0b880e19.eu-central-1-0.aws.cloud.qdrant.io:6333/collections/reactmap_nodes/points/scroll "HTTP/1.1 200 OK"
2025-07-14 20:14:50,253 - INFO - HTTP Request: POST https://716df701-f4b5-4b66-ac26-c54a0b880e19.eu-central-1-0.aws.cloud.qdrant.io:6333/collections/reactmap_nodes/points "HTTP/1.1 200 OK"
2025-07-14 20:14:50,547 - INFO - HTTP Request: POST https://716df701-f4b5-4b66-ac26-c54a0b880e19.eu-central-1-0.aws.cloud.qdrant.io:6333/collections/reactmap_nodes/points/scroll "HTTP/1.1 200 OK"
2025-07-14 20:14:50,842 - INFO - HTTP Request: POST https://716df701-f4b5-4b66-ac26-c54a0b880e19.eu-central-1-0.aws.cloud.qdrant.io:6333/collections/reactmap_nodes/points "HTTP/1.1 200 OK"
2025-07-14 20:14:51,138 - INFO - HTTP Request: POST https://716df701-f4b5-4b66-ac26-c54a0b880e19.eu-central-1-0.aws.cloud.qdrant.io:6333/collections/reactmap_nodes/points/scroll "HTTP/1.1 200 OK"
2025-07-14 20:14:51,433 - INFO - HTTP Request: POST https://716df701-f4b5-4b66-ac26-c54a0b880e19.eu-central-1-0.aws.cloud.qdrant.io:6333/collections/reactmap_nodes/points "HTTP/1.1 200 OK"
2025-07-14 20:14:51,728 - INFO - HTTP Request: POST https://716df701-f4b5-4b66-ac26-c54a0b880e19.eu-central-1-0.aws.cloud.qdrant.io:6333/collections/reactmap_nodes/points/scroll "HTTP/1.1 200 OK"
2025-07-14 20:14:52,023 - INFO - HTTP Request: POST https://716df701-f4b5-4b66-ac26-c54a0b880e19.eu-central-1-0.aws.cloud.qdrant.io:6333/collections/reactmap_nodes/points "HTTP/1.1 200 OK"
2025-07-14 20:14:52,318 - INFO - HTTP Request: POST https://716df701-f4b5-4b66-ac26-c54a0b880e19.eu-central-1-0.aws.cloud.qdrant.io:6333/collections/reactmap_nodes/points/scroll "HTTP/1.1 200 OK"
2025-07-14 20:14:52,615 - INFO - HTTP Request: POST https://716df701-f4b5-4b66-ac26-c54a0b880e19.eu-central-1-0.aws.cloud.qdrant.io:6333/collections/reactmap_nodes/points "HTTP/1.1 200 OK"
2025-07-14 20:14:52,910 - INFO - HTTP Request: POST https://716df701-f4b5-4b66-ac26-c54a0b880e19.eu-central-1-0.aws.cloud.qdrant.io:6333/collections/reactmap_nodes/points/scroll "HTTP/1.1 200 OK"
2025-07-14 20:14:53,206 - INFO - HTTP Request: POST https://716df701-f4b5-4b66-ac26-c54a0b880e19.eu-central-1-0.aws.cloud.qdrant.io:6333/collections/reactmap_nodes/points "HTTP/1.1 200 OK"
2025-07-14 20:14:53,502 - INFO - HTTP Request: POST https://716df701-f4b5-4b66-ac26-c54a0b880e19.eu-central-1-0.aws.cloud.qdrant.io:6333/collections/reactmap_nodes/points/scroll "HTTP/1.1 200 OK"
2025-07-14 20:14:53,797 - INFO - HTTP Request: POST https://716df701-f4b5-4b66-ac26-c54a0b880e19.eu-central-1-0.aws.cloud.qdrant.io:6333/collections/reactmap_nodes/points "HTTP/1.1 200 OK"
2025-07-14 20:14:54,092 - INFO - HTTP Request: POST https://716df701-f4b5-4b66-ac26-c54a0b880e19.eu-central-1-0.aws.cloud.qdrant.io:6333/collections/reactmap_nodes/points/scroll "HTTP/1.1 200 OK"
2025-07-14 20:14:54,387 - INFO - HTTP Request: POST https://716df701-f4b5-4b66-ac26-c54a0b880e19.eu-central-1-0.aws.cloud.qdrant.io:6333/collections/reactmap_nodes/points "HTTP/1.1 200 OK"
2025-07-14 20:14:54,683 - INFO - HTTP Request: POST https://716df701-f4b5-4b66-ac26-c54a0b880e19.eu-central-1-0.aws.cloud.qdrant.io:6333/collections/reactmap_nodes/points/scroll "HTTP/1.1 200 OK"
2025-07-14 20:14:54,978 - INFO - HTTP Request: POST https://716df701-f4b5-4b66-ac26-c54a0b880e19.eu-central-1-0.aws.cloud.qdrant.io:6333/collections/reactmap_nodes/points "HTTP/1.1 200 OK"
2025-07-14 20:14:55,273 - INFO - HTTP Request: POST https://716df701-f4b5-4b66-ac26-c54a0b880e19.eu-central-1-0.aws.cloud.qdrant.io:6333/collections/reactmap_nodes/points/scroll "HTTP/1.1 200 OK"
2025-07-14 20:14:55,274 - INFO - Added intermediate subtree: 중급 (Intermediate)
2025-07-14 20:14:55,275 - INFO - Collecting nodes for category: advanced
2025-07-14 20:14:55,571 - INFO - HTTP Request: POST https://716df701-f4b5-4b66-ac26-c54a0b880e19.eu-central-1-0.aws.cloud.qdrant.io:6333/collections/reactmap_nodes/points/scroll "HTTP/1.1 200 OK"
2025-07-14 20:14:55,867 - INFO - HTTP Request: POST https://716df701-f4b5-4b66-ac26-c54a0b880e19.eu-central-1-0.aws.cloud.qdrant.io:6333/collections/reactmap_nodes/points "HTTP/1.1 200 OK"
2025-07-14 20:14:56,164 - INFO - HTTP Request: POST https://716df701-f4b5-4b66-ac26-c54a0b880e19.eu-central-1-0.aws.cloud.qdrant.io:6333/collections/reactmap_nodes/points/scroll "HTTP/1.1 200 OK"
2025-07-14 20:14:56,460 - INFO - HTTP Request: POST https://716df701-f4b5-4b66-ac26-c54a0b880e19.eu-central-1-0.aws.cloud.qdrant.io:6333/collections/reactmap_nodes/points "HTTP/1.1 200 OK"
2025-07-14 20:14:56,756 - INFO - HTTP Request: POST https://716df701-f4b5-4b66-ac26-c54a0b880e19.eu-central-1-0.aws.cloud.qdrant.io:6333/collections/reactmap_nodes/points/scroll "HTTP/1.1 200 OK"
2025-07-14 20:14:57,053 - INFO - HTTP Request: POST https://716df701-f4b5-4b66-ac26-c54a0b880e19.eu-central-1-0.aws.cloud.qdrant.io:6333/collections/reactmap_nodes/points "HTTP/1.1 200 OK"
2025-07-14 20:14:57,348 - INFO - HTTP Request: POST https://716df701-f4b5-4b66-ac26-c54a0b880e19.eu-central-1-0.aws.cloud.qdrant.io:6333/collections/reactmap_nodes/points/scroll "HTTP/1.1 200 OK"
2025-07-14 20:14:57,643 - INFO - HTTP Request: POST https://716df701-f4b5-4b66-ac26-c54a0b880e19.eu-central-1-0.aws.cloud.qdrant.io:6333/collections/reactmap_nodes/points "HTTP/1.1 200 OK"
2025-07-14 20:14:57,937 - INFO - HTTP Request: POST https://716df701-f4b5-4b66-ac26-c54a0b880e19.eu-central-1-0.aws.cloud.qdrant.io:6333/collections/reactmap_nodes/points/scroll "HTTP/1.1 200 OK"
2025-07-14 20:14:58,233 - INFO - HTTP Request: POST https://716df701-f4b5-4b66-ac26-c54a0b880e19.eu-central-1-0.aws.cloud.qdrant.io:6333/collections/reactmap_nodes/points "HTTP/1.1 200 OK"
2025-07-14 20:14:58,529 - INFO - HTTP Request: POST https://716df701-f4b5-4b66-ac26-c54a0b880e19.eu-central-1-0.aws.cloud.qdrant.io:6333/collections/reactmap_nodes/points/scroll "HTTP/1.1 200 OK"
2025-07-14 20:14:58,823 - INFO - HTTP Request: POST https://716df701-f4b5-4b66-ac26-c54a0b880e19.eu-central-1-0.aws.cloud.qdrant.io:6333/collections/reactmap_nodes/points "HTTP/1.1 200 OK"
2025-07-14 20:14:59,119 - INFO - HTTP Request: POST https://716df701-f4b5-4b66-ac26-c54a0b880e19.eu-central-1-0.aws.cloud.qdrant.io:6333/collections/reactmap_nodes/points/scroll "HTTP/1.1 200 OK"
2025-07-14 20:14:59,414 - INFO - HTTP Request: POST https://716df701-f4b5-4b66-ac26-c54a0b880e19.eu-central-1-0.aws.cloud.qdrant.io:6333/collections/reactmap_nodes/points "HTTP/1.1 200 OK"
2025-07-14 20:14:59,709 - INFO - HTTP Request: POST https://716df701-f4b5-4b66-ac26-c54a0b880e19.eu-central-1-0.aws.cloud.qdrant.io:6333/collections/reactmap_nodes/points/scroll "HTTP/1.1 200 OK"
2025-07-14 20:15:00,004 - INFO - HTTP Request: POST https://716df701-f4b5-4b66-ac26-c54a0b880e19.eu-central-1-0.aws.cloud.qdrant.io:6333/collections/reactmap_nodes/points "HTTP/1.1 200 OK"
2025-07-14 20:15:00,300 - INFO - HTTP Request: POST https://716df701-f4b5-4b66-ac26-c54a0b880e19.eu-central-1-0.aws.cloud.qdrant.io:6333/collections/reactmap_nodes/points/scroll "HTTP/1.1 200 OK"
2025-07-14 20:15:00,596 - INFO - HTTP Request: POST https://716df701-f4b5-4b66-ac26-c54a0b880e19.eu-central-1-0.aws.cloud.qdrant.io:6333/collections/reactmap_nodes/points "HTTP/1.1 200 OK"
2025-07-14 20:15:00,891 - INFO - HTTP Request: POST https://716df701-f4b5-4b66-ac26-c54a0b880e19.eu-central-1-0.aws.cloud.qdrant.io:6333/collections/reactmap_nodes/points/scroll "HTTP/1.1 200 OK"
2025-07-14 20:15:01,185 - INFO - HTTP Request: POST https://716df701-f4b5-4b66-ac26-c54a0b880e19.eu-central-1-0.aws.cloud.qdrant.io:6333/collections/reactmap_nodes/points "HTTP/1.1 200 OK"
2025-07-14 20:15:01,480 - INFO - HTTP Request: POST https://716df701-f4b5-4b66-ac26-c54a0b880e19.eu-central-1-0.aws.cloud.qdrant.io:6333/collections/reactmap_nodes/points/scroll "HTTP/1.1 200 OK"
2025-07-14 20:15:01,775 - INFO - HTTP Request: POST https://716df701-f4b5-4b66-ac26-c54a0b880e19.eu-central-1-0.aws.cloud.qdrant.io:6333/collections/reactmap_nodes/points "HTTP/1.1 200 OK"
2025-07-14 20:15:02,072 - INFO - HTTP Request: POST https://716df701-f4b5-4b66-ac26-c54a0b880e19.eu-central-1-0.aws.cloud.qdrant.io:6333/collections/reactmap_nodes/points/scroll "HTTP/1.1 200 OK"
2025-07-14 20:15:02,368 - INFO - HTTP Request: POST https://716df701-f4b5-4b66-ac26-c54a0b880e19.eu-central-1-0.aws.cloud.qdrant.io:6333/collections/reactmap_nodes/points "HTTP/1.1 200 OK"
2025-07-14 20:15:02,663 - INFO - HTTP Request: POST https://716df701-f4b5-4b66-ac26-c54a0b880e19.eu-central-1-0.aws.cloud.qdrant.io:6333/collections/reactmap_nodes/points/scroll "HTTP/1.1 200 OK"
2025-07-14 20:15:02,958 - INFO - HTTP Request: POST https://716df701-f4b5-4b66-ac26-c54a0b880e19.eu-central-1-0.aws.cloud.qdrant.io:6333/collections/reactmap_nodes/points "HTTP/1.1 200 OK"
2025-07-14 20:15:03,253 - INFO - HTTP Request: POST https://716df701-f4b5-4b66-ac26-c54a0b880e19.eu-central-1-0.aws.cloud.qdrant.io:6333/collections/reactmap_nodes/points/scroll "HTTP/1.1 200 OK"
2025-07-14 20:15:03,548 - INFO - HTTP Request: POST https://716df701-f4b5-4b66-ac26-c54a0b880e19.eu-central-1-0.aws.cloud.qdrant.io:6333/collections/reactmap_nodes/points "HTTP/1.1 200 OK"
2025-07-14 20:15:03,842 - INFO - HTTP Request: POST https://716df701-f4b5-4b66-ac26-c54a0b880e19.eu-central-1-0.aws.cloud.qdrant.io:6333/collections/reactmap_nodes/points/scroll "HTTP/1.1 200 OK"
2025-07-14 20:15:04,136 - INFO - HTTP Request: POST https://716df701-f4b5-4b66-ac26-c54a0b880e19.eu-central-1-0.aws.cloud.qdrant.io:6333/collections/reactmap_nodes/points "HTTP/1.1 200 OK"
2025-07-14 20:15:04,431 - INFO - HTTP Request: POST https://716df701-f4b5-4b66-ac26-c54a0b880e19.eu-central-1-0.aws.cloud.qdrant.io:6333/collections/reactmap_nodes/points/scroll "HTTP/1.1 200 OK"
2025-07-14 20:15:04,727 - INFO - HTTP Request: POST https://716df701-f4b5-4b66-ac26-c54a0b880e19.eu-central-1-0.aws.cloud.qdrant.io:6333/collections/reactmap_nodes/points "HTTP/1.1 200 OK"
2025-07-14 20:15:05,022 - INFO - HTTP Request: POST https://716df701-f4b5-4b66-ac26-c54a0b880e19.eu-central-1-0.aws.cloud.qdrant.io:6333/collections/reactmap_nodes/points/scroll "HTTP/1.1 200 OK"
2025-07-14 20:15:05,317 - INFO - HTTP Request: POST https://716df701-f4b5-4b66-ac26-c54a0b880e19.eu-central-1-0.aws.cloud.qdrant.io:6333/collections/reactmap_nodes/points "HTTP/1.1 200 OK"
2025-07-14 20:15:05,612 - INFO - HTTP Request: POST https://716df701-f4b5-4b66-ac26-c54a0b880e19.eu-central-1-0.aws.cloud.qdrant.io:6333/collections/reactmap_nodes/points/scroll "HTTP/1.1 200 OK"
2025-07-14 20:15:05,908 - INFO - HTTP Request: POST https://716df701-f4b5-4b66-ac26-c54a0b880e19.eu-central-1-0.aws.cloud.qdrant.io:6333/collections/reactmap_nodes/points "HTTP/1.1 200 OK"
2025-07-14 20:15:06,204 - INFO - HTTP Request: POST https://716df701-f4b5-4b66-ac26-c54a0b880e19.eu-central-1-0.aws.cloud.qdrant.io:6333/collections/reactmap_nodes/points/scroll "HTTP/1.1 200 OK"
2025-07-14 20:15:06,498 - INFO - HTTP Request: POST https://716df701-f4b5-4b66-ac26-c54a0b880e19.eu-central-1-0.aws.cloud.qdrant.io:6333/collections/reactmap_nodes/points "HTTP/1.1 200 OK"
2025-07-14 20:15:06,794 - INFO - HTTP Request: POST https://716df701-f4b5-4b66-ac26-c54a0b880e19.eu-central-1-0.aws.cloud.qdrant.io:6333/collections/reactmap_nodes/points/scroll "HTTP/1.1 200 OK"
2025-07-14 20:15:07,092 - INFO - HTTP Request: POST https://716df701-f4b5-4b66-ac26-c54a0b880e19.eu-central-1-0.aws.cloud.qdrant.io:6333/collections/reactmap_nodes/points "HTTP/1.1 200 OK"
2025-07-14 20:15:07,388 - INFO - HTTP Request: POST https://716df701-f4b5-4b66-ac26-c54a0b880e19.eu-central-1-0.aws.cloud.qdrant.io:6333/collections/reactmap_nodes/points/scroll "HTTP/1.1 200 OK"
2025-07-14 20:15:07,684 - INFO - HTTP Request: POST https://716df701-f4b5-4b66-ac26-c54a0b880e19.eu-central-1-0.aws.cloud.qdrant.io:6333/collections/reactmap_nodes/points "HTTP/1.1 200 OK"
2025-07-14 20:15:07,980 - INFO - HTTP Request: POST https://716df701-f4b5-4b66-ac26-c54a0b880e19.eu-central-1-0.aws.cloud.qdrant.io:6333/collections/reactmap_nodes/points/scroll "HTTP/1.1 200 OK"
2025-07-14 20:15:08,276 - INFO - HTTP Request: POST https://716df701-f4b5-4b66-ac26-c54a0b880e19.eu-central-1-0.aws.cloud.qdrant.io:6333/collections/reactmap_nodes/points "HTTP/1.1 200 OK"
2025-07-14 20:15:08,571 - INFO - HTTP Request: POST https://716df701-f4b5-4b66-ac26-c54a0b880e19.eu-central-1-0.aws.cloud.qdrant.io:6333/collections/reactmap_nodes/points/scroll "HTTP/1.1 200 OK"
2025-07-14 20:15:08,866 - INFO - HTTP Request: POST https://716df701-f4b5-4b66-ac26-c54a0b880e19.eu-central-1-0.aws.cloud.qdrant.io:6333/collections/reactmap_nodes/points "HTTP/1.1 200 OK"
2025-07-14 20:15:09,161 - INFO - HTTP Request: POST https://716df701-f4b5-4b66-ac26-c54a0b880e19.eu-central-1-0.aws.cloud.qdrant.io:6333/collections/reactmap_nodes/points/scroll "HTTP/1.1 200 OK"
2025-07-14 20:15:09,457 - INFO - HTTP Request: POST https://716df701-f4b5-4b66-ac26-c54a0b880e19.eu-central-1-0.aws.cloud.qdrant.io:6333/collections/reactmap_nodes/points "HTTP/1.1 200 OK"
2025-07-14 20:15:09,753 - INFO - HTTP Request: POST https://716df701-f4b5-4b66-ac26-c54a0b880e19.eu-central-1-0.aws.cloud.qdrant.io:6333/collections/reactmap_nodes/points/scroll "HTTP/1.1 200 OK"
2025-07-14 20:15:10,047 - INFO - HTTP Request: POST https://716df701-f4b5-4b66-ac26-c54a0b880e19.eu-central-1-0.aws.cloud.qdrant.io:6333/collections/reactmap_nodes/points "HTTP/1.1 200 OK"
2025-07-14 20:15:10,342 - INFO - HTTP Request: POST https://716df701-f4b5-4b66-ac26-c54a0b880e19.eu-central-1-0.aws.cloud.qdrant.io:6333/collections/reactmap_nodes/points/scroll "HTTP/1.1 200 OK"
2025-07-14 20:15:10,639 - INFO - HTTP Request: POST https://716df701-f4b5-4b66-ac26-c54a0b880e19.eu-central-1-0.aws.cloud.qdrant.io:6333/collections/reactmap_nodes/points "HTTP/1.1 200 OK"
2025-07-14 20:15:10,934 - INFO - HTTP Request: POST https://716df701-f4b5-4b66-ac26-c54a0b880e19.eu-central-1-0.aws.cloud.qdrant.io:6333/collections/reactmap_nodes/points/scroll "HTTP/1.1 200 OK"
2025-07-14 20:15:11,231 - INFO - HTTP Request: POST https://716df701-f4b5-4b66-ac26-c54a0b880e19.eu-central-1-0.aws.cloud.qdrant.io:6333/collections/reactmap_nodes/points "HTTP/1.1 200 OK"
2025-07-14 20:15:11,528 - INFO - HTTP Request: POST https://716df701-f4b5-4b66-ac26-c54a0b880e19.eu-central-1-0.aws.cloud.qdrant.io:6333/collections/reactmap_nodes/points/scroll "HTTP/1.1 200 OK"
2025-07-14 20:15:11,823 - INFO - HTTP Request: POST https://716df701-f4b5-4b66-ac26-c54a0b880e19.eu-central-1-0.aws.cloud.qdrant.io:6333/collections/reactmap_nodes/points "HTTP/1.1 200 OK"
2025-07-14 20:15:12,118 - INFO - HTTP Request: POST https://716df701-f4b5-4b66-ac26-c54a0b880e19.eu-central-1-0.aws.cloud.qdrant.io:6333/collections/reactmap_nodes/points/scroll "HTTP/1.1 200 OK"
2025-07-14 20:15:12,118 - INFO - Added advanced subtree: 고급 (Advanced)
2025-07-14 20:15:12,119 - INFO - Collecting nodes for category: community
2025-07-14 20:15:12,414 - INFO - HTTP Request: POST https://716df701-f4b5-4b66-ac26-c54a0b880e19.eu-central-1-0.aws.cloud.qdrant.io:6333/collections/reactmap_nodes/points/scroll "HTTP/1.1 200 OK"
2025-07-14 20:15:12,710 - INFO - HTTP Request: POST https://716df701-f4b5-4b66-ac26-c54a0b880e19.eu-central-1-0.aws.cloud.qdrant.io:6333/collections/reactmap_nodes/points "HTTP/1.1 200 OK"
2025-07-14 20:15:13,006 - INFO - HTTP Request: POST https://716df701-f4b5-4b66-ac26-c54a0b880e19.eu-central-1-0.aws.cloud.qdrant.io:6333/collections/reactmap_nodes/points/scroll "HTTP/1.1 200 OK"
2025-07-14 20:15:13,301 - INFO - HTTP Request: POST https://716df701-f4b5-4b66-ac26-c54a0b880e19.eu-central-1-0.aws.cloud.qdrant.io:6333/collections/reactmap_nodes/points "HTTP/1.1 200 OK"
2025-07-14 20:15:13,599 - INFO - HTTP Request: POST https://716df701-f4b5-4b66-ac26-c54a0b880e19.eu-central-1-0.aws.cloud.qdrant.io:6333/collections/reactmap_nodes/points/scroll "HTTP/1.1 200 OK"
2025-07-14 20:15:13,895 - INFO - HTTP Request: POST https://716df701-f4b5-4b66-ac26-c54a0b880e19.eu-central-1-0.aws.cloud.qdrant.io:6333/collections/reactmap_nodes/points "HTTP/1.1 200 OK"
2025-07-14 20:15:14,193 - INFO - HTTP Request: POST https://716df701-f4b5-4b66-ac26-c54a0b880e19.eu-central-1-0.aws.cloud.qdrant.io:6333/collections/reactmap_nodes/points/scroll "HTTP/1.1 200 OK"
2025-07-14 20:15:14,488 - INFO - HTTP Request: POST https://716df701-f4b5-4b66-ac26-c54a0b880e19.eu-central-1-0.aws.cloud.qdrant.io:6333/collections/reactmap_nodes/points "HTTP/1.1 200 OK"
2025-07-14 20:15:14,782 - INFO - HTTP Request: POST https://716df701-f4b5-4b66-ac26-c54a0b880e19.eu-central-1-0.aws.cloud.qdrant.io:6333/collections/reactmap_nodes/points/scroll "HTTP/1.1 200 OK"
2025-07-14 20:15:15,078 - INFO - HTTP Request: POST https://716df701-f4b5-4b66-ac26-c54a0b880e19.eu-central-1-0.aws.cloud.qdrant.io:6333/collections/reactmap_nodes/points "HTTP/1.1 200 OK"
2025-07-14 20:15:15,374 - INFO - HTTP Request: POST https://716df701-f4b5-4b66-ac26-c54a0b880e19.eu-central-1-0.aws.cloud.qdrant.io:6333/collections/reactmap_nodes/points/scroll "HTTP/1.1 200 OK"
2025-07-14 20:15:15,671 - INFO - HTTP Request: POST https://716df701-f4b5-4b66-ac26-c54a0b880e19.eu-central-1-0.aws.cloud.qdrant.io:6333/collections/reactmap_nodes/points "HTTP/1.1 200 OK"
2025-07-14 20:15:15,965 - INFO - HTTP Request: POST https://716df701-f4b5-4b66-ac26-c54a0b880e19.eu-central-1-0.aws.cloud.qdrant.io:6333/collections/reactmap_nodes/points/scroll "HTTP/1.1 200 OK"
2025-07-14 20:15:16,262 - INFO - HTTP Request: POST https://716df701-f4b5-4b66-ac26-c54a0b880e19.eu-central-1-0.aws.cloud.qdrant.io:6333/collections/reactmap_nodes/points "HTTP/1.1 200 OK"
2025-07-14 20:15:16,560 - INFO - HTTP Request: POST https://716df701-f4b5-4b66-ac26-c54a0b880e19.eu-central-1-0.aws.cloud.qdrant.io:6333/collections/reactmap_nodes/points/scroll "HTTP/1.1 200 OK"
2025-07-14 20:15:16,854 - INFO - HTTP Request: POST https://716df701-f4b5-4b66-ac26-c54a0b880e19.eu-central-1-0.aws.cloud.qdrant.io:6333/collections/reactmap_nodes/points "HTTP/1.1 200 OK"
2025-07-14 20:15:17,151 - INFO - HTTP Request: POST https://716df701-f4b5-4b66-ac26-c54a0b880e19.eu-central-1-0.aws.cloud.qdrant.io:6333/collections/reactmap_nodes/points/scroll "HTTP/1.1 200 OK"
2025-07-14 20:15:17,446 - INFO - HTTP Request: POST https://716df701-f4b5-4b66-ac26-c54a0b880e19.eu-central-1-0.aws.cloud.qdrant.io:6333/collections/reactmap_nodes/points "HTTP/1.1 200 OK"
2025-07-14 20:15:17,741 - INFO - HTTP Request: POST https://716df701-f4b5-4b66-ac26-c54a0b880e19.eu-central-1-0.aws.cloud.qdrant.io:6333/collections/reactmap_nodes/points/scroll "HTTP/1.1 200 OK"
2025-07-14 20:15:18,037 - INFO - HTTP Request: POST https://716df701-f4b5-4b66-ac26-c54a0b880e19.eu-central-1-0.aws.cloud.qdrant.io:6333/collections/reactmap_nodes/points "HTTP/1.1 200 OK"
2025-07-14 20:15:18,332 - INFO - HTTP Request: POST https://716df701-f4b5-4b66-ac26-c54a0b880e19.eu-central-1-0.aws.cloud.qdrant.io:6333/collections/reactmap_nodes/points/scroll "HTTP/1.1 200 OK"
2025-07-14 20:15:18,628 - INFO - HTTP Request: POST https://716df701-f4b5-4b66-ac26-c54a0b880e19.eu-central-1-0.aws.cloud.qdrant.io:6333/collections/reactmap_nodes/points "HTTP/1.1 200 OK"
2025-07-14 20:15:18,923 - INFO - HTTP Request: POST https://716df701-f4b5-4b66-ac26-c54a0b880e19.eu-central-1-0.aws.cloud.qdrant.io:6333/collections/reactmap_nodes/points/scroll "HTTP/1.1 200 OK"
2025-07-14 20:15:19,218 - INFO - HTTP Request: POST https://716df701-f4b5-4b66-ac26-c54a0b880e19.eu-central-1-0.aws.cloud.qdrant.io:6333/collections/reactmap_nodes/points "HTTP/1.1 200 OK"
2025-07-14 20:15:19,513 - INFO - HTTP Request: POST https://716df701-f4b5-4b66-ac26-c54a0b880e19.eu-central-1-0.aws.cloud.qdrant.io:6333/collections/reactmap_nodes/points/scroll "HTTP/1.1 200 OK"
2025-07-14 20:15:19,809 - INFO - HTTP Request: POST https://716df701-f4b5-4b66-ac26-c54a0b880e19.eu-central-1-0.aws.cloud.qdrant.io:6333/collections/reactmap_nodes/points "HTTP/1.1 200 OK"
2025-07-14 20:15:20,105 - INFO - HTTP Request: POST https://716df701-f4b5-4b66-ac26-c54a0b880e19.eu-central-1-0.aws.cloud.qdrant.io:6333/collections/reactmap_nodes/points/scroll "HTTP/1.1 200 OK"
2025-07-14 20:15:20,405 - INFO - HTTP Request: POST https://716df701-f4b5-4b66-ac26-c54a0b880e19.eu-central-1-0.aws.cloud.qdrant.io:6333/collections/reactmap_nodes/points "HTTP/1.1 200 OK"
2025-07-14 20:15:20,701 - INFO - HTTP Request: POST https://716df701-f4b5-4b66-ac26-c54a0b880e19.eu-central-1-0.aws.cloud.qdrant.io:6333/collections/reactmap_nodes/points/scroll "HTTP/1.1 200 OK"
2025-07-14 20:15:20,996 - INFO - HTTP Request: POST https://716df701-f4b5-4b66-ac26-c54a0b880e19.eu-central-1-0.aws.cloud.qdrant.io:6333/collections/reactmap_nodes/points "HTTP/1.1 200 OK"
2025-07-14 20:15:21,291 - INFO - HTTP Request: POST https://716df701-f4b5-4b66-ac26-c54a0b880e19.eu-central-1-0.aws.cloud.qdrant.io:6333/collections/reactmap_nodes/points/scroll "HTTP/1.1 200 OK"
2025-07-14 20:15:21,585 - INFO - HTTP Request: POST https://716df701-f4b5-4b66-ac26-c54a0b880e19.eu-central-1-0.aws.cloud.qdrant.io:6333/collections/reactmap_nodes/points "HTTP/1.1 200 OK"
2025-07-14 20:15:21,880 - INFO - HTTP Request: POST https://716df701-f4b5-4b66-ac26-c54a0b880e19.eu-central-1-0.aws.cloud.qdrant.io:6333/collections/reactmap_nodes/points/scroll "HTTP/1.1 200 OK"
2025-07-14 20:15:22,174 - INFO - HTTP Request: POST https://716df701-f4b5-4b66-ac26-c54a0b880e19.eu-central-1-0.aws.cloud.qdrant.io:6333/collections/reactmap_nodes/points "HTTP/1.1 200 OK"
2025-07-14 20:15:22,470 - INFO - HTTP Request: POST https://716df701-f4b5-4b66-ac26-c54a0b880e19.eu-central-1-0.aws.cloud.qdrant.io:6333/collections/reactmap_nodes/points/scroll "HTTP/1.1 200 OK"
2025-07-14 20:15:22,765 - INFO - HTTP Request: POST https://716df701-f4b5-4b66-ac26-c54a0b880e19.eu-central-1-0.aws.cloud.qdrant.io:6333/collections/reactmap_nodes/points "HTTP/1.1 200 OK"
2025-07-14 20:15:23,061 - INFO - HTTP Request: POST https://716df701-f4b5-4b66-ac26-c54a0b880e19.eu-central-1-0.aws.cloud.qdrant.io:6333/collections/reactmap_nodes/points/scroll "HTTP/1.1 200 OK"
2025-07-14 20:15:23,061 - INFO - Added community subtree: 추천 커뮤니티
2025-07-14 20:15:23,062 - INFO - Final hierarchy count: 4
2025-07-14 20:18:34,698 - INFO - HTTP Request: GET https://716df701-f4b5-4b66-ac26-c54a0b880e19.eu-central-1-0.aws.cloud.qdrant.io:6333 "HTTP/1.1 200 OK"
2025-07-14 20:18:34,699 - INFO - Load pretrained SentenceTransformer: all-MiniLM-L6-v2
2025-07-14 20:18:38,328 - INFO - Use pytorch device_name: cpu
2025-07-14 20:18:38,343 - INFO - Generating roadmap for react - all
2025-07-14 20:18:38,343 - INFO - Collecting nodes for category: beginner
2025-07-14 20:18:39,264 - INFO - HTTP Request: POST https://716df701-f4b5-4b66-ac26-c54a0b880e19.eu-central-1-0.aws.cloud.qdrant.io:6333/collections/reactmap_nodes/points/scroll "HTTP/1.1 200 OK"
2025-07-14 20:18:39,549 - INFO - HTTP Request: POST https://716df701-f4b5-4b66-ac26-c54a0b880e19.eu-central-1-0.aws.cloud.qdrant.io:6333/collections/reactmap_nodes/points "HTTP/1.1 200 OK"
2025-07-14 20:18:39,836 - INFO - HTTP Request: POST https://716df701-f4b5-4b66-ac26-c54a0b880e19.eu-central-1-0.aws.cloud.qdrant.io:6333/collections/reactmap_nodes/points/scroll "HTTP/1.1 200 OK"
2025-07-14 20:18:40,120 - INFO - HTTP Request: POST https://716df701-f4b5-4b66-ac26-c54a0b880e19.eu-central-1-0.aws.cloud.qdrant.io:6333/collections/reactmap_nodes/points "HTTP/1.1 200 OK"
2025-07-14 20:18:40,405 - INFO - HTTP Request: POST https://716df701-f4b5-4b66-ac26-c54a0b880e19.eu-central-1-0.aws.cloud.qdrant.io:6333/collections/reactmap_nodes/points/scroll "HTTP/1.1 200 OK"
2025-07-14 20:18:40,691 - INFO - HTTP Request: POST https://716df701-f4b5-4b66-ac26-c54a0b880e19.eu-central-1-0.aws.cloud.qdrant.io:6333/collections/reactmap_nodes/points "HTTP/1.1 200 OK"
2025-07-14 20:18:40,975 - INFO - HTTP Request: POST https://716df701-f4b5-4b66-ac26-c54a0b880e19.eu-central-1-0.aws.cloud.qdrant.io:6333/collections/reactmap_nodes/points/scroll "HTTP/1.1 200 OK"
2025-07-14 20:18:41,258 - INFO - HTTP Request: POST https://716df701-f4b5-4b66-ac26-c54a0b880e19.eu-central-1-0.aws.cloud.qdrant.io:6333/collections/reactmap_nodes/points "HTTP/1.1 200 OK"
2025-07-14 20:18:41,542 - INFO - HTTP Request: POST https://716df701-f4b5-4b66-ac26-c54a0b880e19.eu-central-1-0.aws.cloud.qdrant.io:6333/collections/reactmap_nodes/points/scroll "HTTP/1.1 200 OK"
2025-07-14 20:18:41,825 - INFO - HTTP Request: POST https://716df701-f4b5-4b66-ac26-c54a0b880e19.eu-central-1-0.aws.cloud.qdrant.io:6333/collections/reactmap_nodes/points "HTTP/1.1 200 OK"
2025-07-14 20:18:42,109 - INFO - HTTP Request: POST https://716df701-f4b5-4b66-ac26-c54a0b880e19.eu-central-1-0.aws.cloud.qdrant.io:6333/collections/reactmap_nodes/points/scroll "HTTP/1.1 200 OK"
2025-07-14 20:18:42,394 - INFO - HTTP Request: POST https://716df701-f4b5-4b66-ac26-c54a0b880e19.eu-central-1-0.aws.cloud.qdrant.io:6333/collections/reactmap_nodes/points "HTTP/1.1 200 OK"
2025-07-14 20:18:42,679 - INFO - HTTP Request: POST https://716df701-f4b5-4b66-ac26-c54a0b880e19.eu-central-1-0.aws.cloud.qdrant.io:6333/collections/reactmap_nodes/points/scroll "HTTP/1.1 200 OK"
2025-07-14 20:18:42,964 - INFO - HTTP Request: POST https://716df701-f4b5-4b66-ac26-c54a0b880e19.eu-central-1-0.aws.cloud.qdrant.io:6333/collections/reactmap_nodes/points "HTTP/1.1 200 OK"
2025-07-14 20:18:43,250 - INFO - HTTP Request: POST https://716df701-f4b5-4b66-ac26-c54a0b880e19.eu-central-1-0.aws.cloud.qdrant.io:6333/collections/reactmap_nodes/points/scroll "HTTP/1.1 200 OK"
2025-07-14 20:18:43,534 - INFO - HTTP Request: POST https://716df701-f4b5-4b66-ac26-c54a0b880e19.eu-central-1-0.aws.cloud.qdrant.io:6333/collections/reactmap_nodes/points "HTTP/1.1 200 OK"
2025-07-14 20:18:43,823 - INFO - HTTP Request: POST https://716df701-f4b5-4b66-ac26-c54a0b880e19.eu-central-1-0.aws.cloud.qdrant.io:6333/collections/reactmap_nodes/points/scroll "HTTP/1.1 200 OK"
2025-07-14 20:18:44,106 - INFO - HTTP Request: POST https://716df701-f4b5-4b66-ac26-c54a0b880e19.eu-central-1-0.aws.cloud.qdrant.io:6333/collections/reactmap_nodes/points "HTTP/1.1 200 OK"
2025-07-14 20:18:44,390 - INFO - HTTP Request: POST https://716df701-f4b5-4b66-ac26-c54a0b880e19.eu-central-1-0.aws.cloud.qdrant.io:6333/collections/reactmap_nodes/points/scroll "HTTP/1.1 200 OK"
2025-07-14 20:18:44,675 - INFO - HTTP Request: POST https://716df701-f4b5-4b66-ac26-c54a0b880e19.eu-central-1-0.aws.cloud.qdrant.io:6333/collections/reactmap_nodes/points "HTTP/1.1 200 OK"
2025-07-14 20:18:44,962 - INFO - HTTP Request: POST https://716df701-f4b5-4b66-ac26-c54a0b880e19.eu-central-1-0.aws.cloud.qdrant.io:6333/collections/reactmap_nodes/points/scroll "HTTP/1.1 200 OK"
2025-07-14 20:18:45,246 - INFO - HTTP Request: POST https://716df701-f4b5-4b66-ac26-c54a0b880e19.eu-central-1-0.aws.cloud.qdrant.io:6333/collections/reactmap_nodes/points "HTTP/1.1 200 OK"
2025-07-14 20:18:45,530 - INFO - HTTP Request: POST https://716df701-f4b5-4b66-ac26-c54a0b880e19.eu-central-1-0.aws.cloud.qdrant.io:6333/collections/reactmap_nodes/points/scroll "HTTP/1.1 200 OK"
2025-07-14 20:18:45,814 - INFO - HTTP Request: POST https://716df701-f4b5-4b66-ac26-c54a0b880e19.eu-central-1-0.aws.cloud.qdrant.io:6333/collections/reactmap_nodes/points "HTTP/1.1 200 OK"
2025-07-14 20:18:46,098 - INFO - HTTP Request: POST https://716df701-f4b5-4b66-ac26-c54a0b880e19.eu-central-1-0.aws.cloud.qdrant.io:6333/collections/reactmap_nodes/points/scroll "HTTP/1.1 200 OK"
2025-07-14 20:18:46,384 - INFO - HTTP Request: POST https://716df701-f4b5-4b66-ac26-c54a0b880e19.eu-central-1-0.aws.cloud.qdrant.io:6333/collections/reactmap_nodes/points "HTTP/1.1 200 OK"
2025-07-14 20:18:46,667 - INFO - HTTP Request: POST https://716df701-f4b5-4b66-ac26-c54a0b880e19.eu-central-1-0.aws.cloud.qdrant.io:6333/collections/reactmap_nodes/points/scroll "HTTP/1.1 200 OK"
2025-07-14 20:18:46,950 - INFO - HTTP Request: POST https://716df701-f4b5-4b66-ac26-c54a0b880e19.eu-central-1-0.aws.cloud.qdrant.io:6333/collections/reactmap_nodes/points "HTTP/1.1 200 OK"
2025-07-14 20:18:47,235 - INFO - HTTP Request: POST https://716df701-f4b5-4b66-ac26-c54a0b880e19.eu-central-1-0.aws.cloud.qdrant.io:6333/collections/reactmap_nodes/points/scroll "HTTP/1.1 200 OK"
2025-07-14 20:18:47,520 - INFO - HTTP Request: POST https://716df701-f4b5-4b66-ac26-c54a0b880e19.eu-central-1-0.aws.cloud.qdrant.io:6333/collections/reactmap_nodes/points "HTTP/1.1 200 OK"
2025-07-14 20:18:47,805 - INFO - HTTP Request: POST https://716df701-f4b5-4b66-ac26-c54a0b880e19.eu-central-1-0.aws.cloud.qdrant.io:6333/collections/reactmap_nodes/points/scroll "HTTP/1.1 200 OK"
2025-07-14 20:18:48,090 - INFO - HTTP Request: POST https://716df701-f4b5-4b66-ac26-c54a0b880e19.eu-central-1-0.aws.cloud.qdrant.io:6333/collections/reactmap_nodes/points "HTTP/1.1 200 OK"
2025-07-14 20:18:48,375 - INFO - HTTP Request: POST https://716df701-f4b5-4b66-ac26-c54a0b880e19.eu-central-1-0.aws.cloud.qdrant.io:6333/collections/reactmap_nodes/points/scroll "HTTP/1.1 200 OK"
2025-07-14 20:18:48,660 - INFO - HTTP Request: POST https://716df701-f4b5-4b66-ac26-c54a0b880e19.eu-central-1-0.aws.cloud.qdrant.io:6333/collections/reactmap_nodes/points "HTTP/1.1 200 OK"
2025-07-14 20:18:48,949 - INFO - HTTP Request: POST https://716df701-f4b5-4b66-ac26-c54a0b880e19.eu-central-1-0.aws.cloud.qdrant.io:6333/collections/reactmap_nodes/points/scroll "HTTP/1.1 200 OK"
2025-07-14 20:18:49,234 - INFO - HTTP Request: POST https://716df701-f4b5-4b66-ac26-c54a0b880e19.eu-central-1-0.aws.cloud.qdrant.io:6333/collections/reactmap_nodes/points "HTTP/1.1 200 OK"
2025-07-14 20:18:49,520 - INFO - HTTP Request: POST https://716df701-f4b5-4b66-ac26-c54a0b880e19.eu-central-1-0.aws.cloud.qdrant.io:6333/collections/reactmap_nodes/points/scroll "HTTP/1.1 200 OK"
2025-07-14 20:18:49,806 - INFO - HTTP Request: POST https://716df701-f4b5-4b66-ac26-c54a0b880e19.eu-central-1-0.aws.cloud.qdrant.io:6333/collections/reactmap_nodes/points "HTTP/1.1 200 OK"
2025-07-14 20:18:50,092 - INFO - HTTP Request: POST https://716df701-f4b5-4b66-ac26-c54a0b880e19.eu-central-1-0.aws.cloud.qdrant.io:6333/collections/reactmap_nodes/points/scroll "HTTP/1.1 200 OK"
2025-07-14 20:18:50,377 - INFO - HTTP Request: POST https://716df701-f4b5-4b66-ac26-c54a0b880e19.eu-central-1-0.aws.cloud.qdrant.io:6333/collections/reactmap_nodes/points "HTTP/1.1 200 OK"
2025-07-14 20:18:50,662 - INFO - HTTP Request: POST https://716df701-f4b5-4b66-ac26-c54a0b880e19.eu-central-1-0.aws.cloud.qdrant.io:6333/collections/reactmap_nodes/points/scroll "HTTP/1.1 200 OK"
2025-07-14 20:18:50,662 - INFO - Added beginner subtree: 초급 (Beginner)
2025-07-14 20:18:50,663 - INFO - Collecting nodes for category: intermediate
2025-07-14 20:18:50,949 - INFO - HTTP Request: POST https://716df701-f4b5-4b66-ac26-c54a0b880e19.eu-central-1-0.aws.cloud.qdrant.io:6333/collections/reactmap_nodes/points/scroll "HTTP/1.1 200 OK"
2025-07-14 20:18:51,236 - INFO - HTTP Request: POST https://716df701-f4b5-4b66-ac26-c54a0b880e19.eu-central-1-0.aws.cloud.qdrant.io:6333/collections/reactmap_nodes/points "HTTP/1.1 200 OK"
2025-07-14 20:18:51,521 - INFO - HTTP Request: POST https://716df701-f4b5-4b66-ac26-c54a0b880e19.eu-central-1-0.aws.cloud.qdrant.io:6333/collections/reactmap_nodes/points/scroll "HTTP/1.1 200 OK"
2025-07-14 20:18:51,806 - INFO - HTTP Request: POST https://716df701-f4b5-4b66-ac26-c54a0b880e19.eu-central-1-0.aws.cloud.qdrant.io:6333/collections/reactmap_nodes/points "HTTP/1.1 200 OK"
2025-07-14 20:18:52,091 - INFO - HTTP Request: POST https://716df701-f4b5-4b66-ac26-c54a0b880e19.eu-central-1-0.aws.cloud.qdrant.io:6333/collections/reactmap_nodes/points/scroll "HTTP/1.1 200 OK"
2025-07-14 20:18:52,377 - INFO - HTTP Request: POST https://716df701-f4b5-4b66-ac26-c54a0b880e19.eu-central-1-0.aws.cloud.qdrant.io:6333/collections/reactmap_nodes/points "HTTP/1.1 200 OK"
2025-07-14 20:18:52,661 - INFO - HTTP Request: POST https://716df701-f4b5-4b66-ac26-c54a0b880e19.eu-central-1-0.aws.cloud.qdrant.io:6333/collections/reactmap_nodes/points/scroll "HTTP/1.1 200 OK"
2025-07-14 20:18:52,945 - INFO - HTTP Request: POST https://716df701-f4b5-4b66-ac26-c54a0b880e19.eu-central-1-0.aws.cloud.qdrant.io:6333/collections/reactmap_nodes/points "HTTP/1.1 200 OK"
2025-07-14 20:18:53,230 - INFO - HTTP Request: POST https://716df701-f4b5-4b66-ac26-c54a0b880e19.eu-central-1-0.aws.cloud.qdrant.io:6333/collections/reactmap_nodes/points/scroll "HTTP/1.1 200 OK"
2025-07-14 20:18:53,514 - INFO - HTTP Request: POST https://716df701-f4b5-4b66-ac26-c54a0b880e19.eu-central-1-0.aws.cloud.qdrant.io:6333/collections/reactmap_nodes/points "HTTP/1.1 200 OK"
2025-07-14 20:18:53,799 - INFO - HTTP Request: POST https://716df701-f4b5-4b66-ac26-c54a0b880e19.eu-central-1-0.aws.cloud.qdrant.io:6333/collections/reactmap_nodes/points/scroll "HTTP/1.1 200 OK"
2025-07-14 20:18:54,084 - INFO - HTTP Request: POST https://716df701-f4b5-4b66-ac26-c54a0b880e19.eu-central-1-0.aws.cloud.qdrant.io:6333/collections/reactmap_nodes/points "HTTP/1.1 200 OK"
2025-07-14 20:18:54,369 - INFO - HTTP Request: POST https://716df701-f4b5-4b66-ac26-c54a0b880e19.eu-central-1-0.aws.cloud.qdrant.io:6333/collections/reactmap_nodes/points/scroll "HTTP/1.1 200 OK"
2025-07-14 20:18:54,654 - INFO - HTTP Request: POST https://716df701-f4b5-4b66-ac26-c54a0b880e19.eu-central-1-0.aws.cloud.qdrant.io:6333/collections/reactmap_nodes/points "HTTP/1.1 200 OK"
2025-07-14 20:18:54,939 - INFO - HTTP Request: POST https://716df701-f4b5-4b66-ac26-c54a0b880e19.eu-central-1-0.aws.cloud.qdrant.io:6333/collections/reactmap_nodes/points/scroll "HTTP/1.1 200 OK"
2025-07-14 20:18:55,224 - INFO - HTTP Request: POST https://716df701-f4b5-4b66-ac26-c54a0b880e19.eu-central-1-0.aws.cloud.qdrant.io:6333/collections/reactmap_nodes/points "HTTP/1.1 200 OK"
2025-07-14 20:18:55,507 - INFO - HTTP Request: POST https://716df701-f4b5-4b66-ac26-c54a0b880e19.eu-central-1-0.aws.cloud.qdrant.io:6333/collections/reactmap_nodes/points/scroll "HTTP/1.1 200 OK"
2025-07-14 20:18:55,793 - INFO - HTTP Request: POST https://716df701-f4b5-4b66-ac26-c54a0b880e19.eu-central-1-0.aws.cloud.qdrant.io:6333/collections/reactmap_nodes/points "HTTP/1.1 200 OK"
2025-07-14 20:18:56,079 - INFO - HTTP Request: POST https://716df701-f4b5-4b66-ac26-c54a0b880e19.eu-central-1-0.aws.cloud.qdrant.io:6333/collections/reactmap_nodes/points/scroll "HTTP/1.1 200 OK"
2025-07-14 20:18:56,363 - INFO - HTTP Request: POST https://716df701-f4b5-4b66-ac26-c54a0b880e19.eu-central-1-0.aws.cloud.qdrant.io:6333/collections/reactmap_nodes/points "HTTP/1.1 200 OK"
2025-07-14 20:18:56,648 - INFO - HTTP Request: POST https://716df701-f4b5-4b66-ac26-c54a0b880e19.eu-central-1-0.aws.cloud.qdrant.io:6333/collections/reactmap_nodes/points/scroll "HTTP/1.1 200 OK"
2025-07-14 20:18:56,932 - INFO - HTTP Request: POST https://716df701-f4b5-4b66-ac26-c54a0b880e19.eu-central-1-0.aws.cloud.qdrant.io:6333/collections/reactmap_nodes/points "HTTP/1.1 200 OK"
2025-07-14 20:18:57,216 - INFO - HTTP Request: POST https://716df701-f4b5-4b66-ac26-c54a0b880e19.eu-central-1-0.aws.cloud.qdrant.io:6333/collections/reactmap_nodes/points/scroll "HTTP/1.1 200 OK"
2025-07-14 20:18:57,500 - INFO - HTTP Request: POST https://716df701-f4b5-4b66-ac26-c54a0b880e19.eu-central-1-0.aws.cloud.qdrant.io:6333/collections/reactmap_nodes/points "HTTP/1.1 200 OK"
2025-07-14 20:18:57,783 - INFO - HTTP Request: POST https://716df701-f4b5-4b66-ac26-c54a0b880e19.eu-central-1-0.aws.cloud.qdrant.io:6333/collections/reactmap_nodes/points/scroll "HTTP/1.1 200 OK"
2025-07-14 20:18:58,068 - INFO - HTTP Request: POST https://716df701-f4b5-4b66-ac26-c54a0b880e19.eu-central-1-0.aws.cloud.qdrant.io:6333/collections/reactmap_nodes/points "HTTP/1.1 200 OK"
2025-07-14 20:18:58,355 - INFO - HTTP Request: POST https://716df701-f4b5-4b66-ac26-c54a0b880e19.eu-central-1-0.aws.cloud.qdrant.io:6333/collections/reactmap_nodes/points/scroll "HTTP/1.1 200 OK"
2025-07-14 20:18:58,640 - INFO - HTTP Request: POST https://716df701-f4b5-4b66-ac26-c54a0b880e19.eu-central-1-0.aws.cloud.qdrant.io:6333/collections/reactmap_nodes/points "HTTP/1.1 200 OK"
2025-07-14 20:18:58,923 - INFO - HTTP Request: POST https://716df701-f4b5-4b66-ac26-c54a0b880e19.eu-central-1-0.aws.cloud.qdrant.io:6333/collections/reactmap_nodes/points/scroll "HTTP/1.1 200 OK"
2025-07-14 20:18:59,208 - INFO - HTTP Request: POST https://716df701-f4b5-4b66-ac26-c54a0b880e19.eu-central-1-0.aws.cloud.qdrant.io:6333/collections/reactmap_nodes/points "HTTP/1.1 200 OK"
2025-07-14 20:18:59,491 - INFO - HTTP Request: POST https://716df701-f4b5-4b66-ac26-c54a0b880e19.eu-central-1-0.aws.cloud.qdrant.io:6333/collections/reactmap_nodes/points/scroll "HTTP/1.1 200 OK"
2025-07-14 20:18:59,775 - INFO - HTTP Request: POST https://716df701-f4b5-4b66-ac26-c54a0b880e19.eu-central-1-0.aws.cloud.qdrant.io:6333/collections/reactmap_nodes/points "HTTP/1.1 200 OK"
2025-07-14 20:19:00,059 - INFO - HTTP Request: POST https://716df701-f4b5-4b66-ac26-c54a0b880e19.eu-central-1-0.aws.cloud.qdrant.io:6333/collections/reactmap_nodes/points/scroll "HTTP/1.1 200 OK"
2025-07-14 20:19:00,343 - INFO - HTTP Request: POST https://716df701-f4b5-4b66-ac26-c54a0b880e19.eu-central-1-0.aws.cloud.qdrant.io:6333/collections/reactmap_nodes/points "HTTP/1.1 200 OK"
2025-07-14 20:19:00,628 - INFO - HTTP Request: POST https://716df701-f4b5-4b66-ac26-c54a0b880e19.eu-central-1-0.aws.cloud.qdrant.io:6333/collections/reactmap_nodes/points/scroll "HTTP/1.1 200 OK"
2025-07-14 20:19:00,920 - INFO - HTTP Request: POST https://716df701-f4b5-4b66-ac26-c54a0b880e19.eu-central-1-0.aws.cloud.qdrant.io:6333/collections/reactmap_nodes/points "HTTP/1.1 200 OK"
2025-07-14 20:19:01,204 - INFO - HTTP Request: POST https://716df701-f4b5-4b66-ac26-c54a0b880e19.eu-central-1-0.aws.cloud.qdrant.io:6333/collections/reactmap_nodes/points/scroll "HTTP/1.1 200 OK"
2025-07-14 20:19:01,489 - INFO - HTTP Request: POST https://716df701-f4b5-4b66-ac26-c54a0b880e19.eu-central-1-0.aws.cloud.qdrant.io:6333/collections/reactmap_nodes/points "HTTP/1.1 200 OK"
2025-07-14 20:19:01,779 - INFO - HTTP Request: POST https://716df701-f4b5-4b66-ac26-c54a0b880e19.eu-central-1-0.aws.cloud.qdrant.io:6333/collections/reactmap_nodes/points/scroll "HTTP/1.1 200 OK"
2025-07-14 20:19:02,064 - INFO - HTTP Request: POST https://716df701-f4b5-4b66-ac26-c54a0b880e19.eu-central-1-0.aws.cloud.qdrant.io:6333/collections/reactmap_nodes/points "HTTP/1.1 200 OK"
2025-07-14 20:19:02,349 - INFO - HTTP Request: POST https://716df701-f4b5-4b66-ac26-c54a0b880e19.eu-central-1-0.aws.cloud.qdrant.io:6333/collections/reactmap_nodes/points/scroll "HTTP/1.1 200 OK"
2025-07-14 20:19:02,633 - INFO - HTTP Request: POST https://716df701-f4b5-4b66-ac26-c54a0b880e19.eu-central-1-0.aws.cloud.qdrant.io:6333/collections/reactmap_nodes/points "HTTP/1.1 200 OK"
2025-07-14 20:19:02,918 - INFO - HTTP Request: POST https://716df701-f4b5-4b66-ac26-c54a0b880e19.eu-central-1-0.aws.cloud.qdrant.io:6333/collections/reactmap_nodes/points/scroll "HTTP/1.1 200 OK"
2025-07-14 20:19:03,202 - INFO - HTTP Request: POST https://716df701-f4b5-4b66-ac26-c54a0b880e19.eu-central-1-0.aws.cloud.qdrant.io:6333/collections/reactmap_nodes/points "HTTP/1.1 200 OK"
2025-07-14 20:19:03,488 - INFO - HTTP Request: POST https://716df701-f4b5-4b66-ac26-c54a0b880e19.eu-central-1-0.aws.cloud.qdrant.io:6333/collections/reactmap_nodes/points/scroll "HTTP/1.1 200 OK"
2025-07-14 20:19:03,773 - INFO - HTTP Request: POST https://716df701-f4b5-4b66-ac26-c54a0b880e19.eu-central-1-0.aws.cloud.qdrant.io:6333/collections/reactmap_nodes/points "HTTP/1.1 200 OK"
2025-07-14 20:19:04,057 - INFO - HTTP Request: POST https://716df701-f4b5-4b66-ac26-c54a0b880e19.eu-central-1-0.aws.cloud.qdrant.io:6333/collections/reactmap_nodes/points/scroll "HTTP/1.1 200 OK"
2025-07-14 20:19:04,341 - INFO - HTTP Request: POST https://716df701-f4b5-4b66-ac26-c54a0b880e19.eu-central-1-0.aws.cloud.qdrant.io:6333/collections/reactmap_nodes/points "HTTP/1.1 200 OK"
2025-07-14 20:19:04,624 - INFO - HTTP Request: POST https://716df701-f4b5-4b66-ac26-c54a0b880e19.eu-central-1-0.aws.cloud.qdrant.io:6333/collections/reactmap_nodes/points/scroll "HTTP/1.1 200 OK"
2025-07-14 20:19:04,909 - INFO - HTTP Request: POST https://716df701-f4b5-4b66-ac26-c54a0b880e19.eu-central-1-0.aws.cloud.qdrant.io:6333/collections/reactmap_nodes/points "HTTP/1.1 200 OK"
2025-07-14 20:19:05,194 - INFO - HTTP Request: POST https://716df701-f4b5-4b66-ac26-c54a0b880e19.eu-central-1-0.aws.cloud.qdrant.io:6333/collections/reactmap_nodes/points/scroll "HTTP/1.1 200 OK"
2025-07-14 20:19:05,478 - INFO - HTTP Request: POST https://716df701-f4b5-4b66-ac26-c54a0b880e19.eu-central-1-0.aws.cloud.qdrant.io:6333/collections/reactmap_nodes/points "HTTP/1.1 200 OK"
2025-07-14 20:19:05,764 - INFO - HTTP Request: POST https://716df701-f4b5-4b66-ac26-c54a0b880e19.eu-central-1-0.aws.cloud.qdrant.io:6333/collections/reactmap_nodes/points/scroll "HTTP/1.1 200 OK"
2025-07-14 20:19:06,051 - INFO - HTTP Request: POST https://716df701-f4b5-4b66-ac26-c54a0b880e19.eu-central-1-0.aws.cloud.qdrant.io:6333/collections/reactmap_nodes/points "HTTP/1.1 200 OK"
2025-07-14 20:19:06,335 - INFO - HTTP Request: POST https://716df701-f4b5-4b66-ac26-c54a0b880e19.eu-central-1-0.aws.cloud.qdrant.io:6333/collections/reactmap_nodes/points/scroll "HTTP/1.1 200 OK"
2025-07-14 20:19:06,620 - INFO - HTTP Request: POST https://716df701-f4b5-4b66-ac26-c54a0b880e19.eu-central-1-0.aws.cloud.qdrant.io:6333/collections/reactmap_nodes/points "HTTP/1.1 200 OK"
2025-07-14 20:19:06,904 - INFO - HTTP Request: POST https://716df701-f4b5-4b66-ac26-c54a0b880e19.eu-central-1-0.aws.cloud.qdrant.io:6333/collections/reactmap_nodes/points/scroll "HTTP/1.1 200 OK"
2025-07-14 20:19:07,188 - INFO - HTTP Request: POST https://716df701-f4b5-4b66-ac26-c54a0b880e19.eu-central-1-0.aws.cloud.qdrant.io:6333/collections/reactmap_nodes/points "HTTP/1.1 200 OK"
2025-07-14 20:19:07,472 - INFO - HTTP Request: POST https://716df701-f4b5-4b66-ac26-c54a0b880e19.eu-central-1-0.aws.cloud.qdrant.io:6333/collections/reactmap_nodes/points/scroll "HTTP/1.1 200 OK"
2025-07-14 20:19:07,755 - INFO - HTTP Request: POST https://716df701-f4b5-4b66-ac26-c54a0b880e19.eu-central-1-0.aws.cloud.qdrant.io:6333/collections/reactmap_nodes/points "HTTP/1.1 200 OK"
2025-07-14 20:19:08,040 - INFO - HTTP Request: POST https://716df701-f4b5-4b66-ac26-c54a0b880e19.eu-central-1-0.aws.cloud.qdrant.io:6333/collections/reactmap_nodes/points/scroll "HTTP/1.1 200 OK"
2025-07-14 20:19:08,324 - INFO - HTTP Request: POST https://716df701-f4b5-4b66-ac26-c54a0b880e19.eu-central-1-0.aws.cloud.qdrant.io:6333/collections/reactmap_nodes/points "HTTP/1.1 200 OK"
2025-07-14 20:19:08,607 - INFO - HTTP Request: POST https://716df701-f4b5-4b66-ac26-c54a0b880e19.eu-central-1-0.aws.cloud.qdrant.io:6333/collections/reactmap_nodes/points/scroll "HTTP/1.1 200 OK"
2025-07-14 20:19:08,608 - INFO - Added intermediate subtree: 중급 (Intermediate)
2025-07-14 20:19:08,608 - INFO - Collecting nodes for category: advanced
2025-07-14 20:19:08,896 - INFO - HTTP Request: POST https://716df701-f4b5-4b66-ac26-c54a0b880e19.eu-central-1-0.aws.cloud.qdrant.io:6333/collections/reactmap_nodes/points/scroll "HTTP/1.1 200 OK"
2025-07-14 20:19:09,183 - INFO - HTTP Request: POST https://716df701-f4b5-4b66-ac26-c54a0b880e19.eu-central-1-0.aws.cloud.qdrant.io:6333/collections/reactmap_nodes/points "HTTP/1.1 200 OK"
2025-07-14 20:19:09,469 - INFO - HTTP Request: POST https://716df701-f4b5-4b66-ac26-c54a0b880e19.eu-central-1-0.aws.cloud.qdrant.io:6333/collections/reactmap_nodes/points/scroll "HTTP/1.1 200 OK"
2025-07-14 20:19:09,753 - INFO - HTTP Request: POST https://716df701-f4b5-4b66-ac26-c54a0b880e19.eu-central-1-0.aws.cloud.qdrant.io:6333/collections/reactmap_nodes/points "HTTP/1.1 200 OK"
2025-07-14 20:19:10,037 - INFO - HTTP Request: POST https://716df701-f4b5-4b66-ac26-c54a0b880e19.eu-central-1-0.aws.cloud.qdrant.io:6333/collections/reactmap_nodes/points/scroll "HTTP/1.1 200 OK"
2025-07-14 20:19:10,321 - INFO - HTTP Request: POST https://716df701-f4b5-4b66-ac26-c54a0b880e19.eu-central-1-0.aws.cloud.qdrant.io:6333/collections/reactmap_nodes/points "HTTP/1.1 200 OK"
2025-07-14 20:19:10,606 - INFO - HTTP Request: POST https://716df701-f4b5-4b66-ac26-c54a0b880e19.eu-central-1-0.aws.cloud.qdrant.io:6333/collections/reactmap_nodes/points/scroll "HTTP/1.1 200 OK"
2025-07-14 20:19:10,890 - INFO - HTTP Request: POST https://716df701-f4b5-4b66-ac26-c54a0b880e19.eu-central-1-0.aws.cloud.qdrant.io:6333/collections/reactmap_nodes/points "HTTP/1.1 200 OK"
2025-07-14 20:19:11,175 - INFO - HTTP Request: POST https://716df701-f4b5-4b66-ac26-c54a0b880e19.eu-central-1-0.aws.cloud.qdrant.io:6333/collections/reactmap_nodes/points/scroll "HTTP/1.1 200 OK"
2025-07-14 20:19:11,459 - INFO - HTTP Request: POST https://716df701-f4b5-4b66-ac26-c54a0b880e19.eu-central-1-0.aws.cloud.qdrant.io:6333/collections/reactmap_nodes/points "HTTP/1.1 200 OK"
2025-07-14 20:19:11,743 - INFO - HTTP Request: POST https://716df701-f4b5-4b66-ac26-c54a0b880e19.eu-central-1-0.aws.cloud.qdrant.io:6333/collections/reactmap_nodes/points/scroll "HTTP/1.1 200 OK"
2025-07-14 20:19:12,026 - INFO - HTTP Request: POST https://716df701-f4b5-4b66-ac26-c54a0b880e19.eu-central-1-0.aws.cloud.qdrant.io:6333/collections/reactmap_nodes/points "HTTP/1.1 200 OK"
2025-07-14 20:19:12,310 - INFO - HTTP Request: POST https://716df701-f4b5-4b66-ac26-c54a0b880e19.eu-central-1-0.aws.cloud.qdrant.io:6333/collections/reactmap_nodes/points/scroll "HTTP/1.1 200 OK"
2025-07-14 20:19:12,594 - INFO - HTTP Request: POST https://716df701-f4b5-4b66-ac26-c54a0b880e19.eu-central-1-0.aws.cloud.qdrant.io:6333/collections/reactmap_nodes/points "HTTP/1.1 200 OK"
2025-07-14 20:19:12,878 - INFO - HTTP Request: POST https://716df701-f4b5-4b66-ac26-c54a0b880e19.eu-central-1-0.aws.cloud.qdrant.io:6333/collections/reactmap_nodes/points/scroll "HTTP/1.1 200 OK"
2025-07-14 20:19:13,161 - INFO - HTTP Request: POST https://716df701-f4b5-4b66-ac26-c54a0b880e19.eu-central-1-0.aws.cloud.qdrant.io:6333/collections/reactmap_nodes/points "HTTP/1.1 200 OK"
2025-07-14 20:19:13,445 - INFO - HTTP Request: POST https://716df701-f4b5-4b66-ac26-c54a0b880e19.eu-central-1-0.aws.cloud.qdrant.io:6333/collections/reactmap_nodes/points/scroll "HTTP/1.1 200 OK"
2025-07-14 20:19:13,729 - INFO - HTTP Request: POST https://716df701-f4b5-4b66-ac26-c54a0b880e19.eu-central-1-0.aws.cloud.qdrant.io:6333/collections/reactmap_nodes/points "HTTP/1.1 200 OK"
2025-07-14 20:19:14,012 - INFO - HTTP Request: POST https://716df701-f4b5-4b66-ac26-c54a0b880e19.eu-central-1-0.aws.cloud.qdrant.io:6333/collections/reactmap_nodes/points/scroll "HTTP/1.1 200 OK"
2025-07-14 20:19:14,297 - INFO - HTTP Request: POST https://716df701-f4b5-4b66-ac26-c54a0b880e19.eu-central-1-0.aws.cloud.qdrant.io:6333/collections/reactmap_nodes/points "HTTP/1.1 200 OK"
2025-07-14 20:19:14,580 - INFO - HTTP Request: POST https://716df701-f4b5-4b66-ac26-c54a0b880e19.eu-central-1-0.aws.cloud.qdrant.io:6333/collections/reactmap_nodes/points/scroll "HTTP/1.1 200 OK"
2025-07-14 20:19:14,864 - INFO - HTTP Request: POST https://716df701-f4b5-4b66-ac26-c54a0b880e19.eu-central-1-0.aws.cloud.qdrant.io:6333/collections/reactmap_nodes/points "HTTP/1.1 200 OK"
2025-07-14 20:19:15,148 - INFO - HTTP Request: POST https://716df701-f4b5-4b66-ac26-c54a0b880e19.eu-central-1-0.aws.cloud.qdrant.io:6333/collections/reactmap_nodes/points/scroll "HTTP/1.1 200 OK"
2025-07-14 20:19:15,431 - INFO - HTTP Request: POST https://716df701-f4b5-4b66-ac26-c54a0b880e19.eu-central-1-0.aws.cloud.qdrant.io:6333/collections/reactmap_nodes/points "HTTP/1.1 200 OK"
2025-07-14 20:19:15,715 - INFO - HTTP Request: POST https://716df701-f4b5-4b66-ac26-c54a0b880e19.eu-central-1-0.aws.cloud.qdrant.io:6333/collections/reactmap_nodes/points/scroll "HTTP/1.1 200 OK"
2025-07-14 20:19:16,000 - INFO - HTTP Request: POST https://716df701-f4b5-4b66-ac26-c54a0b880e19.eu-central-1-0.aws.cloud.qdrant.io:6333/collections/reactmap_nodes/points "HTTP/1.1 200 OK"
2025-07-14 20:19:16,284 - INFO - HTTP Request: POST https://716df701-f4b5-4b66-ac26-c54a0b880e19.eu-central-1-0.aws.cloud.qdrant.io:6333/collections/reactmap_nodes/points/scroll "HTTP/1.1 200 OK"
2025-07-14 20:19:16,570 - INFO - HTTP Request: POST https://716df701-f4b5-4b66-ac26-c54a0b880e19.eu-central-1-0.aws.cloud.qdrant.io:6333/collections/reactmap_nodes/points "HTTP/1.1 200 OK"
2025-07-14 20:19:16,853 - INFO - HTTP Request: POST https://716df701-f4b5-4b66-ac26-c54a0b880e19.eu-central-1-0.aws.cloud.qdrant.io:6333/collections/reactmap_nodes/points/scroll "HTTP/1.1 200 OK"
2025-07-14 20:19:17,136 - INFO - HTTP Request: POST https://716df701-f4b5-4b66-ac26-c54a0b880e19.eu-central-1-0.aws.cloud.qdrant.io:6333/collections/reactmap_nodes/points "HTTP/1.1 200 OK"
2025-07-14 20:19:17,421 - INFO - HTTP Request: POST https://716df701-f4b5-4b66-ac26-c54a0b880e19.eu-central-1-0.aws.cloud.qdrant.io:6333/collections/reactmap_nodes/points/scroll "HTTP/1.1 200 OK"
2025-07-14 20:19:17,708 - INFO - HTTP Request: POST https://716df701-f4b5-4b66-ac26-c54a0b880e19.eu-central-1-0.aws.cloud.qdrant.io:6333/collections/reactmap_nodes/points "HTTP/1.1 200 OK"
2025-07-14 20:19:17,994 - INFO - HTTP Request: POST https://716df701-f4b5-4b66-ac26-c54a0b880e19.eu-central-1-0.aws.cloud.qdrant.io:6333/collections/reactmap_nodes/points/scroll "HTTP/1.1 200 OK"
2025-07-14 20:19:18,279 - INFO - HTTP Request: POST https://716df701-f4b5-4b66-ac26-c54a0b880e19.eu-central-1-0.aws.cloud.qdrant.io:6333/collections/reactmap_nodes/points "HTTP/1.1 200 OK"
2025-07-14 20:19:18,563 - INFO - HTTP Request: POST https://716df701-f4b5-4b66-ac26-c54a0b880e19.eu-central-1-0.aws.cloud.qdrant.io:6333/collections/reactmap_nodes/points/scroll "HTTP/1.1 200 OK"
2025-07-14 20:19:18,848 - INFO - HTTP Request: POST https://716df701-f4b5-4b66-ac26-c54a0b880e19.eu-central-1-0.aws.cloud.qdrant.io:6333/collections/reactmap_nodes/points "HTTP/1.1 200 OK"
2025-07-14 20:19:19,131 - INFO - HTTP Request: POST https://716df701-f4b5-4b66-ac26-c54a0b880e19.eu-central-1-0.aws.cloud.qdrant.io:6333/collections/reactmap_nodes/points/scroll "HTTP/1.1 200 OK"
2025-07-14 20:19:19,416 - INFO - HTTP Request: POST https://716df701-f4b5-4b66-ac26-c54a0b880e19.eu-central-1-0.aws.cloud.qdrant.io:6333/collections/reactmap_nodes/points "HTTP/1.1 200 OK"
2025-07-14 20:19:19,700 - INFO - HTTP Request: POST https://716df701-f4b5-4b66-ac26-c54a0b880e19.eu-central-1-0.aws.cloud.qdrant.io:6333/collections/reactmap_nodes/points/scroll "HTTP/1.1 200 OK"
2025-07-14 20:19:19,986 - INFO - HTTP Request: POST https://716df701-f4b5-4b66-ac26-c54a0b880e19.eu-central-1-0.aws.cloud.qdrant.io:6333/collections/reactmap_nodes/points "HTTP/1.1 200 OK"
2025-07-14 20:19:20,271 - INFO - HTTP Request: POST https://716df701-f4b5-4b66-ac26-c54a0b880e19.eu-central-1-0.aws.cloud.qdrant.io:6333/collections/reactmap_nodes/points/scroll "HTTP/1.1 200 OK"
2025-07-14 20:19:20,556 - INFO - HTTP Request: POST https://716df701-f4b5-4b66-ac26-c54a0b880e19.eu-central-1-0.aws.cloud.qdrant.io:6333/collections/reactmap_nodes/points "HTTP/1.1 200 OK"
2025-07-14 20:19:20,840 - INFO - HTTP Request: POST https://716df701-f4b5-4b66-ac26-c54a0b880e19.eu-central-1-0.aws.cloud.qdrant.io:6333/collections/reactmap_nodes/points/scroll "HTTP/1.1 200 OK"
2025-07-14 20:19:21,125 - INFO - HTTP Request: POST https://716df701-f4b5-4b66-ac26-c54a0b880e19.eu-central-1-0.aws.cloud.qdrant.io:6333/collections/reactmap_nodes/points "HTTP/1.1 200 OK"
2025-07-14 20:19:21,410 - INFO - HTTP Request: POST https://716df701-f4b5-4b66-ac26-c54a0b880e19.eu-central-1-0.aws.cloud.qdrant.io:6333/collections/reactmap_nodes/points/scroll "HTTP/1.1 200 OK"
2025-07-14 20:19:21,695 - INFO - HTTP Request: POST https://716df701-f4b5-4b66-ac26-c54a0b880e19.eu-central-1-0.aws.cloud.qdrant.io:6333/collections/reactmap_nodes/points "HTTP/1.1 200 OK"
2025-07-14 20:19:21,979 - INFO - HTTP Request: POST https://716df701-f4b5-4b66-ac26-c54a0b880e19.eu-central-1-0.aws.cloud.qdrant.io:6333/collections/reactmap_nodes/points/scroll "HTTP/1.1 200 OK"
2025-07-14 20:19:22,265 - INFO - HTTP Request: POST https://716df701-f4b5-4b66-ac26-c54a0b880e19.eu-central-1-0.aws.cloud.qdrant.io:6333/collections/reactmap_nodes/points "HTTP/1.1 200 OK"
2025-07-14 20:19:22,551 - INFO - HTTP Request: POST https://716df701-f4b5-4b66-ac26-c54a0b880e19.eu-central-1-0.aws.cloud.qdrant.io:6333/collections/reactmap_nodes/points/scroll "HTTP/1.1 200 OK"
2025-07-14 20:19:22,839 - INFO - HTTP Request: POST https://716df701-f4b5-4b66-ac26-c54a0b880e19.eu-central-1-0.aws.cloud.qdrant.io:6333/collections/reactmap_nodes/points "HTTP/1.1 200 OK"
2025-07-14 20:19:23,125 - INFO - HTTP Request: POST https://716df701-f4b5-4b66-ac26-c54a0b880e19.eu-central-1-0.aws.cloud.qdrant.io:6333/collections/reactmap_nodes/points/scroll "HTTP/1.1 200 OK"
2025-07-14 20:19:23,409 - INFO - HTTP Request: POST https://716df701-f4b5-4b66-ac26-c54a0b880e19.eu-central-1-0.aws.cloud.qdrant.io:6333/collections/reactmap_nodes/points "HTTP/1.1 200 OK"
2025-07-14 20:19:23,695 - INFO - HTTP Request: POST https://716df701-f4b5-4b66-ac26-c54a0b880e19.eu-central-1-0.aws.cloud.qdrant.io:6333/collections/reactmap_nodes/points/scroll "HTTP/1.1 200 OK"
2025-07-14 20:19:23,979 - INFO - HTTP Request: POST https://716df701-f4b5-4b66-ac26-c54a0b880e19.eu-central-1-0.aws.cloud.qdrant.io:6333/collections/reactmap_nodes/points "HTTP/1.1 200 OK"
2025-07-14 20:19:24,265 - INFO - HTTP Request: POST https://716df701-f4b5-4b66-ac26-c54a0b880e19.eu-central-1-0.aws.cloud.qdrant.io:6333/collections/reactmap_nodes/points/scroll "HTTP/1.1 200 OK"
2025-07-14 20:19:24,550 - INFO - HTTP Request: POST https://716df701-f4b5-4b66-ac26-c54a0b880e19.eu-central-1-0.aws.cloud.qdrant.io:6333/collections/reactmap_nodes/points "HTTP/1.1 200 OK"
2025-07-14 20:19:24,834 - INFO - HTTP Request: POST https://716df701-f4b5-4b66-ac26-c54a0b880e19.eu-central-1-0.aws.cloud.qdrant.io:6333/collections/reactmap_nodes/points/scroll "HTTP/1.1 200 OK"
2025-07-14 20:19:24,835 - INFO - Added advanced subtree: 고급 (Advanced)
2025-07-14 20:19:24,835 - INFO - Collecting nodes for category: community
2025-07-14 20:19:25,118 - INFO - HTTP Request: POST https://716df701-f4b5-4b66-ac26-c54a0b880e19.eu-central-1-0.aws.cloud.qdrant.io:6333/collections/reactmap_nodes/points/scroll "HTTP/1.1 200 OK"
2025-07-14 20:19:25,406 - INFO - HTTP Request: POST https://716df701-f4b5-4b66-ac26-c54a0b880e19.eu-central-1-0.aws.cloud.qdrant.io:6333/collections/reactmap_nodes/points "HTTP/1.1 200 OK"
2025-07-14 20:19:25,695 - INFO - HTTP Request: POST https://716df701-f4b5-4b66-ac26-c54a0b880e19.eu-central-1-0.aws.cloud.qdrant.io:6333/collections/reactmap_nodes/points/scroll "HTTP/1.1 200 OK"
2025-07-14 20:19:25,978 - INFO - HTTP Request: POST https://716df701-f4b5-4b66-ac26-c54a0b880e19.eu-central-1-0.aws.cloud.qdrant.io:6333/collections/reactmap_nodes/points "HTTP/1.1 200 OK"
2025-07-14 20:19:26,264 - INFO - HTTP Request: POST https://716df701-f4b5-4b66-ac26-c54a0b880e19.eu-central-1-0.aws.cloud.qdrant.io:6333/collections/reactmap_nodes/points/scroll "HTTP/1.1 200 OK"
2025-07-14 20:19:26,550 - INFO - HTTP Request: POST https://716df701-f4b5-4b66-ac26-c54a0b880e19.eu-central-1-0.aws.cloud.qdrant.io:6333/collections/reactmap_nodes/points "HTTP/1.1 200 OK"
2025-07-14 20:19:26,834 - INFO - HTTP Request: POST https://716df701-f4b5-4b66-ac26-c54a0b880e19.eu-central-1-0.aws.cloud.qdrant.io:6333/collections/reactmap_nodes/points/scroll "HTTP/1.1 200 OK"
2025-07-14 20:19:27,118 - INFO - HTTP Request: POST https://716df701-f4b5-4b66-ac26-c54a0b880e19.eu-central-1-0.aws.cloud.qdrant.io:6333/collections/reactmap_nodes/points "HTTP/1.1 200 OK"
2025-07-14 20:19:27,403 - INFO - HTTP Request: POST https://716df701-f4b5-4b66-ac26-c54a0b880e19.eu-central-1-0.aws.cloud.qdrant.io:6333/collections/reactmap_nodes/points/scroll "HTTP/1.1 200 OK"
2025-07-14 20:19:27,688 - INFO - HTTP Request: POST https://716df701-f4b5-4b66-ac26-c54a0b880e19.eu-central-1-0.aws.cloud.qdrant.io:6333/collections/reactmap_nodes/points "HTTP/1.1 200 OK"
2025-07-14 20:19:27,973 - INFO - HTTP Request: POST https://716df701-f4b5-4b66-ac26-c54a0b880e19.eu-central-1-0.aws.cloud.qdrant.io:6333/collections/reactmap_nodes/points/scroll "HTTP/1.1 200 OK"
2025-07-14 20:19:28,258 - INFO - HTTP Request: POST https://716df701-f4b5-4b66-ac26-c54a0b880e19.eu-central-1-0.aws.cloud.qdrant.io:6333/collections/reactmap_nodes/points "HTTP/1.1 200 OK"
2025-07-14 20:19:28,543 - INFO - HTTP Request: POST https://716df701-f4b5-4b66-ac26-c54a0b880e19.eu-central-1-0.aws.cloud.qdrant.io:6333/collections/reactmap_nodes/points/scroll "HTTP/1.1 200 OK"
2025-07-14 20:19:28,827 - INFO - HTTP Request: POST https://716df701-f4b5-4b66-ac26-c54a0b880e19.eu-central-1-0.aws.cloud.qdrant.io:6333/collections/reactmap_nodes/points "HTTP/1.1 200 OK"
2025-07-14 20:19:29,112 - INFO - HTTP Request: POST https://716df701-f4b5-4b66-ac26-c54a0b880e19.eu-central-1-0.aws.cloud.qdrant.io:6333/collections/reactmap_nodes/points/scroll "HTTP/1.1 200 OK"
2025-07-14 20:19:29,397 - INFO - HTTP Request: POST https://716df701-f4b5-4b66-ac26-c54a0b880e19.eu-central-1-0.aws.cloud.qdrant.io:6333/collections/reactmap_nodes/points "HTTP/1.1 200 OK"
2025-07-14 20:19:29,682 - INFO - HTTP Request: POST https://716df701-f4b5-4b66-ac26-c54a0b880e19.eu-central-1-0.aws.cloud.qdrant.io:6333/collections/reactmap_nodes/points/scroll "HTTP/1.1 200 OK"
2025-07-14 20:19:29,966 - INFO - HTTP Request: POST https://716df701-f4b5-4b66-ac26-c54a0b880e19.eu-central-1-0.aws.cloud.qdrant.io:6333/collections/reactmap_nodes/points "HTTP/1.1 200 OK"
2025-07-14 20:19:30,252 - INFO - HTTP Request: POST https://716df701-f4b5-4b66-ac26-c54a0b880e19.eu-central-1-0.aws.cloud.qdrant.io:6333/collections/reactmap_nodes/points/scroll "HTTP/1.1 200 OK"
2025-07-14 20:19:30,537 - INFO - HTTP Request: POST https://716df701-f4b5-4b66-ac26-c54a0b880e19.eu-central-1-0.aws.cloud.qdrant.io:6333/collections/reactmap_nodes/points "HTTP/1.1 200 OK"
2025-07-14 20:19:30,821 - INFO - HTTP Request: POST https://716df701-f4b5-4b66-ac26-c54a0b880e19.eu-central-1-0.aws.cloud.qdrant.io:6333/collections/reactmap_nodes/points/scroll "HTTP/1.1 200 OK"
2025-07-14 20:19:31,106 - INFO - HTTP Request: POST https://716df701-f4b5-4b66-ac26-c54a0b880e19.eu-central-1-0.aws.cloud.qdrant.io:6333/collections/reactmap_nodes/points "HTTP/1.1 200 OK"
2025-07-14 20:19:31,390 - INFO - HTTP Request: POST https://716df701-f4b5-4b66-ac26-c54a0b880e19.eu-central-1-0.aws.cloud.qdrant.io:6333/collections/reactmap_nodes/points/scroll "HTTP/1.1 200 OK"
2025-07-14 20:19:31,674 - INFO - HTTP Request: POST https://716df701-f4b5-4b66-ac26-c54a0b880e19.eu-central-1-0.aws.cloud.qdrant.io:6333/collections/reactmap_nodes/points "HTTP/1.1 200 OK"
2025-07-14 20:19:31,959 - INFO - HTTP Request: POST https://716df701-f4b5-4b66-ac26-c54a0b880e19.eu-central-1-0.aws.cloud.qdrant.io:6333/collections/reactmap_nodes/points/scroll "HTTP/1.1 200 OK"
2025-07-14 20:19:32,244 - INFO - HTTP Request: POST https://716df701-f4b5-4b66-ac26-c54a0b880e19.eu-central-1-0.aws.cloud.qdrant.io:6333/collections/reactmap_nodes/points "HTTP/1.1 200 OK"
2025-07-14 20:19:32,529 - INFO - HTTP Request: POST https://716df701-f4b5-4b66-ac26-c54a0b880e19.eu-central-1-0.aws.cloud.qdrant.io:6333/collections/reactmap_nodes/points/scroll "HTTP/1.1 200 OK"
2025-07-14 20:19:32,815 - INFO - HTTP Request: POST https://716df701-f4b5-4b66-ac26-c54a0b880e19.eu-central-1-0.aws.cloud.qdrant.io:6333/collections/reactmap_nodes/points "HTTP/1.1 200 OK"
2025-07-14 20:19:33,106 - INFO - HTTP Request: POST https://716df701-f4b5-4b66-ac26-c54a0b880e19.eu-central-1-0.aws.cloud.qdrant.io:6333/collections/reactmap_nodes/points/scroll "HTTP/1.1 200 OK"
2025-07-14 20:19:33,397 - INFO - HTTP Request: POST https://716df701-f4b5-4b66-ac26-c54a0b880e19.eu-central-1-0.aws.cloud.qdrant.io:6333/collections/reactmap_nodes/points "HTTP/1.1 200 OK"
2025-07-14 20:19:33,686 - INFO - HTTP Request: POST https://716df701-f4b5-4b66-ac26-c54a0b880e19.eu-central-1-0.aws.cloud.qdrant.io:6333/collections/reactmap_nodes/points/scroll "HTTP/1.1 200 OK"
2025-07-14 20:19:33,976 - INFO - HTTP Request: POST https://716df701-f4b5-4b66-ac26-c54a0b880e19.eu-central-1-0.aws.cloud.qdrant.io:6333/collections/reactmap_nodes/points "HTTP/1.1 200 OK"
2025-07-14 20:19:34,264 - INFO - HTTP Request: POST https://716df701-f4b5-4b66-ac26-c54a0b880e19.eu-central-1-0.aws.cloud.qdrant.io:6333/collections/reactmap_nodes/points/scroll "HTTP/1.1 200 OK"
2025-07-14 20:19:34,556 - INFO - HTTP Request: POST https://716df701-f4b5-4b66-ac26-c54a0b880e19.eu-central-1-0.aws.cloud.qdrant.io:6333/collections/reactmap_nodes/points "HTTP/1.1 200 OK"
2025-07-14 20:19:34,846 - INFO - HTTP Request: POST https://716df701-f4b5-4b66-ac26-c54a0b880e19.eu-central-1-0.aws.cloud.qdrant.io:6333/collections/reactmap_nodes/points/scroll "HTTP/1.1 200 OK"
2025-07-14 20:19:35,130 - INFO - HTTP Request: POST https://716df701-f4b5-4b66-ac26-c54a0b880e19.eu-central-1-0.aws.cloud.qdrant.io:6333/collections/reactmap_nodes/points "HTTP/1.1 200 OK"
2025-07-14 20:19:35,414 - INFO - HTTP Request: POST https://716df701-f4b5-4b66-ac26-c54a0b880e19.eu-central-1-0.aws.cloud.qdrant.io:6333/collections/reactmap_nodes/points/scroll "HTTP/1.1 200 OK"
2025-07-14 20:19:35,415 - INFO - Added community subtree: 추천 커뮤니티
2025-07-14 20:19:35,415 - INFO - Final hierarchy count: 4
